running develop
running egg_info
creating delivery_vision_scanner.egg-info
writing delivery_vision_scanner.egg-info/PKG-INFO
writing dependency_links to delivery_vision_scanner.egg-info/dependency_links.txt
writing entry points to delivery_vision_scanner.egg-info/entry_points.txt
writing requirements to delivery_vision_scanner.egg-info/requires.txt
writing top-level names to delivery_vision_scanner.egg-info/top_level.txt
writing manifest file 'delivery_vision_scanner.egg-info/SOURCES.txt'
reading manifest file 'delivery_vision_scanner.egg-info/SOURCES.txt'
writing manifest file 'delivery_vision_scanner.egg-info/SOURCES.txt'
running build_ext
Creating /home/yoga7i/engr4200-termproject/install/delivery_vision_scanner/lib/python3.12/site-packages/delivery-vision-scanner.egg-link (link to .)
Installing scanner_node script to /home/yoga7i/engr4200-termproject/install/delivery_vision_scanner/lib/delivery_vision_scanner

Installed /home/yoga7i/engr4200-termproject/build/delivery_vision_scanner
running symlink_data
creating /home/yoga7i/engr4200-termproject/install/delivery_vision_scanner/share/ament_index
creating /home/yoga7i/engr4200-termproject/install/delivery_vision_scanner/share/ament_index/resource_index
creating /home/yoga7i/engr4200-termproject/install/delivery_vision_scanner/share/ament_index/resource_index/packages
symbolically linking /home/yoga7i/engr4200-termproject/build/delivery_vision_scanner/resource/delivery_vision_scanner -> /home/yoga7i/engr4200-termproject/install/delivery_vision_scanner/share/ament_index/resource_index/packages
symbolically linking /home/yoga7i/engr4200-termproject/build/delivery_vision_scanner/package.xml -> /home/yoga7i/engr4200-termproject/install/delivery_vision_scanner/share/delivery_vision_scanner
