[1.437s] Invoking command in '/home/yoga7i/engr4200-termproject/build/delivery_vision_scanner': AMENT_PREFIX_PATH=/home/yoga7i/engr4200-termproject/install/delivery_interfaces:${AMENT_PREFIX_PATH} CMAKE_PREFIX_PATH=/home/yoga7i/engr4200-termproject/install/delivery_interfaces:${CMAKE_PREFIX_PATH} LD_LIBRARY_PATH=/home/yoga7i/engr4200-termproject/install/delivery_interfaces/lib:${LD_LIBRARY_PATH} PYTHONPATH=/home/yoga7i/engr4200-termproject/build/delivery_vision_scanner/prefix_override:/usr/lib/python3/dist-packages/colcon_core/task/python/colcon_distutils_commands:/home/yoga7i/engr4200-termproject/install/delivery_vision_scanner/lib/python3.12/site-packages:/home/yoga7i/engr4200-termproject/install/delivery_interfaces/lib/python3.12/site-packages:${PYTHONPATH} /usr/bin/python3 -W ignore:setup.py install is deprecated -W ignore:easy_install command is deprecated setup.py develop --editable --build-directory /home/yoga7i/engr4200-termproject/build/delivery_vision_scanner/build --no-deps symlink_data
[1.807s] running develop
[2.086s] running egg_info
[2.086s] creating delivery_vision_scanner.egg-info
[2.113s] writing delivery_vision_scanner.egg-info/PKG-INFO
[2.113s] writing dependency_links to delivery_vision_scanner.egg-info/dependency_links.txt
[2.113s] writing entry points to delivery_vision_scanner.egg-info/entry_points.txt
[2.113s] writing requirements to delivery_vision_scanner.egg-info/requires.txt
[2.113s] writing top-level names to delivery_vision_scanner.egg-info/top_level.txt
[2.114s] writing manifest file 'delivery_vision_scanner.egg-info/SOURCES.txt'
[2.169s] reading manifest file 'delivery_vision_scanner.egg-info/SOURCES.txt'
[2.170s] writing manifest file 'delivery_vision_scanner.egg-info/SOURCES.txt'
[2.205s] running build_ext
[2.205s] Creating /home/yoga7i/engr4200-termproject/install/delivery_vision_scanner/lib/python3.12/site-packages/delivery-vision-scanner.egg-link (link to .)
[2.206s] Installing scanner_node script to /home/yoga7i/engr4200-termproject/install/delivery_vision_scanner/lib/delivery_vision_scanner
[2.206s] 
[2.206s] Installed /home/yoga7i/engr4200-termproject/build/delivery_vision_scanner
[2.206s] running symlink_data
[2.206s] creating /home/yoga7i/engr4200-termproject/install/delivery_vision_scanner/share/ament_index
[2.208s] creating /home/yoga7i/engr4200-termproject/install/delivery_vision_scanner/share/ament_index/resource_index
[2.208s] creating /home/yoga7i/engr4200-termproject/install/delivery_vision_scanner/share/ament_index/resource_index/packages
[2.209s] symbolically linking /home/yoga7i/engr4200-termproject/build/delivery_vision_scanner/resource/delivery_vision_scanner -> /home/yoga7i/engr4200-termproject/install/delivery_vision_scanner/share/ament_index/resource_index/packages
[2.209s] symbolically linking /home/yoga7i/engr4200-termproject/build/delivery_vision_scanner/package.xml -> /home/yoga7i/engr4200-termproject/install/delivery_vision_scanner/share/delivery_vision_scanner
[2.247s] Invoked command in '/home/yoga7i/engr4200-termproject/build/delivery_vision_scanner' returned '0': AMENT_PREFIX_PATH=/home/yoga7i/engr4200-termproject/install/delivery_interfaces:${AMENT_PREFIX_PATH} CMAKE_PREFIX_PATH=/home/yoga7i/engr4200-termproject/install/delivery_interfaces:${CMAKE_PREFIX_PATH} LD_LIBRARY_PATH=/home/yoga7i/engr4200-termproject/install/delivery_interfaces/lib:${LD_LIBRARY_PATH} PYTHONPATH=/home/yoga7i/engr4200-termproject/build/delivery_vision_scanner/prefix_override:/usr/lib/python3/dist-packages/colcon_core/task/python/colcon_distutils_commands:/home/yoga7i/engr4200-termproject/install/delivery_vision_scanner/lib/python3.12/site-packages:/home/yoga7i/engr4200-termproject/install/delivery_interfaces/lib/python3.12/site-packages:${PYTHONPATH} /usr/bin/python3 -W ignore:setup.py install is deprecated -W ignore:easy_install command is deprecated setup.py develop --editable --build-directory /home/yoga7i/engr4200-termproject/build/delivery_vision_scanner/build --no-deps symlink_data
