-- The C compiler identification is GNU 13.3.0
-- The CXX compiler identification is GNU 13.3.0
-- Detecting C compiler ABI info
-- Detecting C compiler ABI info - done
-- Check for working C compiler: /usr/bin/cc - skipped
-- Detecting C compile features
-- Detecting C compile features - done
-- Detecting CXX compiler ABI info
-- Detecting CXX compiler ABI info - done
-- Check for working CXX compiler: /usr/bin/c++ - skipped
-- Detecting CXX compile features
-- Detecting CXX compile features - done
-- Found ament_cmake: 2.5.4 (/opt/ros/jazzy/share/ament_cmake/cmake)
-- Found Python3: /usr/bin/python3 (found version "3.12.3") found components: Interpreter 
-- Override CMake install command with custom implementation using symlinks instead of copying resources
-- Found rosidl_default_generators: 1.6.0 (/opt/ros/jazzy/share/rosidl_default_generators/cmake)
-- Using all available rosidl_typesupport_c: rosidl_typesupport_fastrtps_c;rosidl_typesupport_introspection_c
-- Using all available rosidl_typesupport_cpp: rosidl_typesupport_fastrtps_cpp;rosidl_typesupport_introspection_cpp
-- Found rosidl_adapter: 4.6.6 (/opt/ros/jazzy/share/rosidl_adapter/cmake)
-- Found std_msgs: 5.3.6 (/opt/ros/jazzy/share/std_msgs/cmake)
-- Found ament_cmake_ros: 0.12.0 (/opt/ros/jazzy/share/ament_cmake_ros/cmake)
-- Using all available rosidl_typesupport_c: rosidl_typesupport_fastrtps_c;rosidl_typesupport_introspection_c
-- Using all available rosidl_typesupport_cpp: rosidl_typesupport_fastrtps_cpp;rosidl_typesupport_introspection_cpp
-- Found python_cmake_module: 0.11.1 (/opt/ros/jazzy/share/python_cmake_module/cmake)
-- Found PythonExtra: /usr/bin/python3  
-- Found Python3: /usr/bin/python3 (found version "3.12.3") found components: Interpreter Development NumPy Development.Module Development.Embed 
-- Configuring done (5.7s)
-- Generating done (0.0s)
-- Build files have been written to: /home/yoga7i/engr4200-termproject/build/delivery_interfaces
[  2%] [34m[1mGenerating type hashes for ROS interfaces[0m
[  2%] Built target ament_cmake_python_symlink_delivery_interfaces
running egg_info
creating delivery_interfaces.egg-info
[  2%] Built target delivery_interfaces__rosidl_generator_type_description
[  4%] [34m[1mGenerating C code for ROS interfaces[0m
writing delivery_interfaces.egg-info/PKG-INFO
writing dependency_links to delivery_interfaces.egg-info/dependency_links.txt
writing top-level names to delivery_interfaces.egg-info/top_level.txt
writing manifest file 'delivery_interfaces.egg-info/SOURCES.txt'
[  6%] [34m[1mGenerating C++ code for ROS interfaces[0m
reading manifest file 'delivery_interfaces.egg-info/SOURCES.txt'
writing manifest file 'delivery_interfaces.egg-info/SOURCES.txt'
[  6%] Built target ament_cmake_python_build_delivery_interfaces_egg
[  6%] Built target delivery_interfaces__cpp
[  9%] [32mBuilding C object CMakeFiles/delivery_interfaces__rosidl_generator_c.dir/rosidl_generator_c/delivery_interfaces/srv/detail/scan_package__description.c.o[0m
[ 11%] [32mBuilding C object CMakeFiles/delivery_interfaces__rosidl_generator_c.dir/rosidl_generator_c/delivery_interfaces/srv/detail/scan_package__functions.c.o[0m
[ 13%] [32mBuilding C object CMakeFiles/delivery_interfaces__rosidl_generator_c.dir/rosidl_generator_c/delivery_interfaces/srv/detail/set_lift_state__description.c.o[0m
[ 15%] [32mBuilding C object CMakeFiles/delivery_interfaces__rosidl_generator_c.dir/rosidl_generator_c/delivery_interfaces/srv/detail/scan_package__type_support.c.o[0m
[ 20%] [32mBuilding C object CMakeFiles/delivery_interfaces__rosidl_generator_c.dir/rosidl_generator_c/delivery_interfaces/srv/detail/set_lift_state__functions.c.o[0m
[ 20%] [32mBuilding C object CMakeFiles/delivery_interfaces__rosidl_generator_c.dir/rosidl_generator_c/delivery_interfaces/srv/detail/set_lift_state__type_support.c.o[0m
[ 22%] [32m[1mLinking C shared library libdelivery_interfaces__rosidl_generator_c.so[0m
[ 22%] Built target delivery_interfaces__rosidl_generator_c
[ 25%] [34m[1mGenerating C++ introspection for ROS interfaces[0m
[ 27%] [34m[1mGenerating C++ type support for eProsima Fast-RTPS[0m
[ 29%] [34m[1mGenerating C++ type support dispatch for ROS interfaces[0m
[ 31%] [34m[1mGenerating C introspection for ROS interfaces[0m
[ 34%] [34m[1mGenerating C type support dispatch for ROS interfaces[0m
[ 36%] [34m[1mGenerating C type support for eProsima Fast-RTPS[0m
[ 38%] [32mBuilding CXX object CMakeFiles/delivery_interfaces__rosidl_typesupport_cpp.dir/rosidl_typesupport_cpp/delivery_interfaces/srv/set_lift_state__type_support.cpp.o[0m
[ 40%] [32mBuilding CXX object CMakeFiles/delivery_interfaces__rosidl_typesupport_cpp.dir/rosidl_typesupport_cpp/delivery_interfaces/srv/scan_package__type_support.cpp.o[0m
[ 43%] [32mBuilding CXX object CMakeFiles/delivery_interfaces__rosidl_typesupport_c.dir/rosidl_typesupport_c/delivery_interfaces/srv/scan_package__type_support.cpp.o[0m
[ 45%] [32mBuilding CXX object CMakeFiles/delivery_interfaces__rosidl_typesupport_c.dir/rosidl_typesupport_c/delivery_interfaces/srv/set_lift_state__type_support.cpp.o[0m
[ 47%] [32mBuilding CXX object CMakeFiles/delivery_interfaces__rosidl_typesupport_introspection_cpp.dir/rosidl_typesupport_introspection_cpp/delivery_interfaces/srv/detail/set_lift_state__type_support.cpp.o[0m
[ 50%] [32mBuilding CXX object CMakeFiles/delivery_interfaces__rosidl_typesupport_introspection_cpp.dir/rosidl_typesupport_introspection_cpp/delivery_interfaces/srv/detail/scan_package__type_support.cpp.o[0m
[ 52%] [32mBuilding C object CMakeFiles/delivery_interfaces__rosidl_typesupport_introspection_c.dir/rosidl_typesupport_introspection_c/delivery_interfaces/srv/detail/set_lift_state__type_support.c.o[0m
[ 54%] [32mBuilding C object CMakeFiles/delivery_interfaces__rosidl_typesupport_introspection_c.dir/rosidl_typesupport_introspection_c/delivery_interfaces/srv/detail/scan_package__type_support.c.o[0m
[ 56%] [32m[1mLinking CXX shared library libdelivery_interfaces__rosidl_typesupport_c.so[0m
[ 59%] [32mBuilding CXX object CMakeFiles/delivery_interfaces__rosidl_typesupport_fastrtps_cpp.dir/rosidl_typesupport_fastrtps_cpp/delivery_interfaces/srv/detail/dds_fastrtps/set_lift_state__type_support.cpp.o[0m
[ 61%] [32mBuilding CXX object CMakeFiles/delivery_interfaces__rosidl_typesupport_fastrtps_cpp.dir/rosidl_typesupport_fastrtps_cpp/delivery_interfaces/srv/detail/dds_fastrtps/scan_package__type_support.cpp.o[0m
[ 63%] [32m[1mLinking C shared library libdelivery_interfaces__rosidl_typesupport_introspection_c.so[0m
[ 65%] [32mBuilding CXX object CMakeFiles/delivery_interfaces__rosidl_typesupport_fastrtps_c.dir/rosidl_typesupport_fastrtps_c/delivery_interfaces/srv/detail/scan_package__type_support_c.cpp.o[0m
[ 68%] [32mBuilding CXX object CMakeFiles/delivery_interfaces__rosidl_typesupport_fastrtps_c.dir/rosidl_typesupport_fastrtps_c/delivery_interfaces/srv/detail/set_lift_state__type_support_c.cpp.o[0m
[ 68%] Built target delivery_interfaces__rosidl_typesupport_c
[ 68%] Built target delivery_interfaces__rosidl_typesupport_introspection_c
[ 70%] [32m[1mLinking CXX shared library libdelivery_interfaces__rosidl_typesupport_cpp.so[0m
[ 72%] [32m[1mLinking CXX shared library libdelivery_interfaces__rosidl_typesupport_introspection_cpp.so[0m
[ 72%] Built target delivery_interfaces__rosidl_typesupport_cpp
[ 72%] Built target delivery_interfaces__rosidl_typesupport_introspection_cpp
[ 75%] [32m[1mLinking CXX shared library libdelivery_interfaces__rosidl_typesupport_fastrtps_c.so[0m
[ 77%] [32m[1mLinking CXX shared library libdelivery_interfaces__rosidl_typesupport_fastrtps_cpp.so[0m
[ 77%] Built target delivery_interfaces__rosidl_typesupport_fastrtps_c
[ 77%] Built target delivery_interfaces__rosidl_typesupport_fastrtps_cpp
[ 77%] Built target delivery_interfaces
[ 79%] [34m[1mGenerating Python code for ROS interfaces[0m
[ 79%] Built target delivery_interfaces__py
[ 81%] [32mBuilding C object CMakeFiles/delivery_interfaces__rosidl_generator_py.dir/rosidl_generator_py/delivery_interfaces/srv/_scan_package_s.c.o[0m
[ 84%] [32mBuilding C object CMakeFiles/delivery_interfaces__rosidl_generator_py.dir/rosidl_generator_py/delivery_interfaces/srv/_set_lift_state_s.c.o[0m
[ 86%] [32m[1mLinking C shared library libdelivery_interfaces__rosidl_generator_py.so[0m
[ 86%] Built target delivery_interfaces__rosidl_generator_py
[ 88%] [32mBuilding C object CMakeFiles/delivery_interfaces_s__rosidl_typesupport_fastrtps_c.dir/rosidl_generator_py/delivery_interfaces/_delivery_interfaces_s.ep.rosidl_typesupport_fastrtps_c.c.o[0m
[ 90%] [32mBuilding C object CMakeFiles/delivery_interfaces_s__rosidl_typesupport_c.dir/rosidl_generator_py/delivery_interfaces/_delivery_interfaces_s.ep.rosidl_typesupport_c.c.o[0m
[ 93%] [32mBuilding C object CMakeFiles/delivery_interfaces_s__rosidl_typesupport_introspection_c.dir/rosidl_generator_py/delivery_interfaces/_delivery_interfaces_s.ep.rosidl_typesupport_introspection_c.c.o[0m
[ 95%] [32m[1mLinking C shared module rosidl_generator_py/delivery_interfaces/delivery_interfaces_s__rosidl_typesupport_introspection_c.so[0m
[ 97%] [32m[1mLinking C shared module rosidl_generator_py/delivery_interfaces/delivery_interfaces_s__rosidl_typesupport_fastrtps_c.so[0m
[100%] [32m[1mLinking C shared module rosidl_generator_py/delivery_interfaces/delivery_interfaces_s__rosidl_typesupport_c.so[0m
[100%] Built target delivery_interfaces_s__rosidl_typesupport_introspection_c
[100%] Built target delivery_interfaces_s__rosidl_typesupport_fastrtps_c
[100%] Built target delivery_interfaces_s__rosidl_typesupport_c
-- Install configuration: ""
-- Execute custom install script
-- Symlinking: /home/yoga7i/engr4200-termproject/install/delivery_interfaces/share/ament_index/resource_index/rosidl_interfaces/delivery_interfaces
-- Symlinking: /home/yoga7i/engr4200-termproject/install/delivery_interfaces/share/delivery_interfaces/srv/ScanPackage.json
-- Symlinking: /home/yoga7i/engr4200-termproject/install/delivery_interfaces/share/delivery_interfaces/srv/SetLiftState.json
-- Symlinking: /home/yoga7i/engr4200-termproject/install/delivery_interfaces/include/delivery_interfaces/delivery_interfaces/msg/rosidl_generator_c__visibility_control.h
-- Symlinking: /home/yoga7i/engr4200-termproject/install/delivery_interfaces/include/delivery_interfaces/delivery_interfaces/srv/detail/scan_package__functions.h
-- Symlinking: /home/yoga7i/engr4200-termproject/install/delivery_interfaces/include/delivery_interfaces/delivery_interfaces/srv/detail/scan_package__struct.h
-- Symlinking: /home/yoga7i/engr4200-termproject/install/delivery_interfaces/include/delivery_interfaces/delivery_interfaces/srv/detail/scan_package__type_support.h
-- Symlinking: /home/yoga7i/engr4200-termproject/install/delivery_interfaces/include/delivery_interfaces/delivery_interfaces/srv/detail/set_lift_state__functions.h
-- Symlinking: /home/yoga7i/engr4200-termproject/install/delivery_interfaces/include/delivery_interfaces/delivery_interfaces/srv/detail/set_lift_state__struct.h
-- Symlinking: /home/yoga7i/engr4200-termproject/install/delivery_interfaces/include/delivery_interfaces/delivery_interfaces/srv/detail/set_lift_state__type_support.h
-- Symlinking: /home/yoga7i/engr4200-termproject/install/delivery_interfaces/include/delivery_interfaces/delivery_interfaces/srv/scan_package.h
-- Symlinking: /home/yoga7i/engr4200-termproject/install/delivery_interfaces/include/delivery_interfaces/delivery_interfaces/srv/set_lift_state.h
-- Symlinking: /home/yoga7i/engr4200-termproject/install/delivery_interfaces/share/delivery_interfaces/environment/library_path.sh
-- Symlinking: /home/yoga7i/engr4200-termproject/install/delivery_interfaces/share/delivery_interfaces/environment/library_path.dsv
-- Symlinking: /home/yoga7i/engr4200-termproject/install/delivery_interfaces/include/delivery_interfaces/delivery_interfaces/msg/rosidl_typesupport_fastrtps_c__visibility_control.h
-- Symlinking: /home/yoga7i/engr4200-termproject/install/delivery_interfaces/include/delivery_interfaces/delivery_interfaces/srv/detail/scan_package__rosidl_typesupport_fastrtps_c.h
-- Symlinking: /home/yoga7i/engr4200-termproject/install/delivery_interfaces/include/delivery_interfaces/delivery_interfaces/srv/detail/set_lift_state__rosidl_typesupport_fastrtps_c.h
-- Symlinking: /home/yoga7i/engr4200-termproject/install/delivery_interfaces/include/delivery_interfaces/delivery_interfaces/msg/rosidl_typesupport_introspection_c__visibility_control.h
-- Symlinking: /home/yoga7i/engr4200-termproject/install/delivery_interfaces/include/delivery_interfaces/delivery_interfaces/srv/detail/scan_package__rosidl_typesupport_introspection_c.h
-- Symlinking: /home/yoga7i/engr4200-termproject/install/delivery_interfaces/include/delivery_interfaces/delivery_interfaces/srv/detail/set_lift_state__rosidl_typesupport_introspection_c.h
-- Symlinking: /home/yoga7i/engr4200-termproject/install/delivery_interfaces/include/delivery_interfaces/delivery_interfaces/msg/rosidl_generator_cpp__visibility_control.hpp
-- Symlinking: /home/yoga7i/engr4200-termproject/install/delivery_interfaces/include/delivery_interfaces/delivery_interfaces/srv/detail/scan_package__builder.hpp
-- Symlinking: /home/yoga7i/engr4200-termproject/install/delivery_interfaces/include/delivery_interfaces/delivery_interfaces/srv/detail/scan_package__struct.hpp
-- Symlinking: /home/yoga7i/engr4200-termproject/install/delivery_interfaces/include/delivery_interfaces/delivery_interfaces/srv/detail/scan_package__traits.hpp
-- Symlinking: /home/yoga7i/engr4200-termproject/install/delivery_interfaces/include/delivery_interfaces/delivery_interfaces/srv/detail/scan_package__type_support.hpp
-- Symlinking: /home/yoga7i/engr4200-termproject/install/delivery_interfaces/include/delivery_interfaces/delivery_interfaces/srv/detail/set_lift_state__builder.hpp
-- Symlinking: /home/yoga7i/engr4200-termproject/install/delivery_interfaces/include/delivery_interfaces/delivery_interfaces/srv/detail/set_lift_state__struct.hpp
-- Symlinking: /home/yoga7i/engr4200-termproject/install/delivery_interfaces/include/delivery_interfaces/delivery_interfaces/srv/detail/set_lift_state__traits.hpp
-- Symlinking: /home/yoga7i/engr4200-termproject/install/delivery_interfaces/include/delivery_interfaces/delivery_interfaces/srv/detail/set_lift_state__type_support.hpp
-- Symlinking: /home/yoga7i/engr4200-termproject/install/delivery_interfaces/include/delivery_interfaces/delivery_interfaces/srv/scan_package.hpp
-- Symlinking: /home/yoga7i/engr4200-termproject/install/delivery_interfaces/include/delivery_interfaces/delivery_interfaces/srv/set_lift_state.hpp
-- Symlinking: /home/yoga7i/engr4200-termproject/install/delivery_interfaces/include/delivery_interfaces/delivery_interfaces/msg/rosidl_typesupport_fastrtps_cpp__visibility_control.h
-- Symlinking: /home/yoga7i/engr4200-termproject/install/delivery_interfaces/include/delivery_interfaces/delivery_interfaces/srv/detail/scan_package__rosidl_typesupport_fastrtps_cpp.hpp
-- Symlinking: /home/yoga7i/engr4200-termproject/install/delivery_interfaces/include/delivery_interfaces/delivery_interfaces/srv/detail/set_lift_state__rosidl_typesupport_fastrtps_cpp.hpp
-- Symlinking: /home/yoga7i/engr4200-termproject/install/delivery_interfaces/include/delivery_interfaces/delivery_interfaces/srv/detail/scan_package__rosidl_typesupport_introspection_cpp.hpp
-- Symlinking: /home/yoga7i/engr4200-termproject/install/delivery_interfaces/include/delivery_interfaces/delivery_interfaces/srv/detail/set_lift_state__rosidl_typesupport_introspection_cpp.hpp
-- Symlinking: /home/yoga7i/engr4200-termproject/install/delivery_interfaces/share/delivery_interfaces/environment/pythonpath.sh
-- Symlinking: /home/yoga7i/engr4200-termproject/install/delivery_interfaces/share/delivery_interfaces/environment/pythonpath.dsv
-- Symlinking: /home/yoga7i/engr4200-termproject/install/delivery_interfaces/lib/python3.12/site-packages/delivery_interfaces-0.0.0-py3.12.egg-info/PKG-INFO
-- Symlinking: /home/yoga7i/engr4200-termproject/install/delivery_interfaces/lib/python3.12/site-packages/delivery_interfaces-0.0.0-py3.12.egg-info/SOURCES.txt
-- Symlinking: /home/yoga7i/engr4200-termproject/install/delivery_interfaces/lib/python3.12/site-packages/delivery_interfaces-0.0.0-py3.12.egg-info/dependency_links.txt
-- Symlinking: /home/yoga7i/engr4200-termproject/install/delivery_interfaces/lib/python3.12/site-packages/delivery_interfaces-0.0.0-py3.12.egg-info/top_level.txt
-- Symlinking: /home/yoga7i/engr4200-termproject/install/delivery_interfaces/lib/python3.12/site-packages/delivery_interfaces/__init__.py
-- Symlinking: /home/yoga7i/engr4200-termproject/install/delivery_interfaces/lib/python3.12/site-packages/delivery_interfaces/_delivery_interfaces_s.ep.rosidl_typesupport_c.c
-- Symlinking: /home/yoga7i/engr4200-termproject/install/delivery_interfaces/lib/python3.12/site-packages/delivery_interfaces/_delivery_interfaces_s.ep.rosidl_typesupport_fastrtps_c.c
-- Symlinking: /home/yoga7i/engr4200-termproject/install/delivery_interfaces/lib/python3.12/site-packages/delivery_interfaces/_delivery_interfaces_s.ep.rosidl_typesupport_introspection_c.c
-- Symlinking: /home/yoga7i/engr4200-termproject/install/delivery_interfaces/lib/python3.12/site-packages/delivery_interfaces/delivery_interfaces_s__rosidl_typesupport_c.so
-- Symlinking: /home/yoga7i/engr4200-termproject/install/delivery_interfaces/lib/python3.12/site-packages/delivery_interfaces/delivery_interfaces_s__rosidl_typesupport_fastrtps_c.so
-- Symlinking: /home/yoga7i/engr4200-termproject/install/delivery_interfaces/lib/python3.12/site-packages/delivery_interfaces/delivery_interfaces_s__rosidl_typesupport_introspection_c.so
-- Symlinking: /home/yoga7i/engr4200-termproject/install/delivery_interfaces/lib/python3.12/site-packages/delivery_interfaces/srv/__init__.py
-- Symlinking: /home/yoga7i/engr4200-termproject/install/delivery_interfaces/lib/python3.12/site-packages/delivery_interfaces/srv/_scan_package.py
-- Symlinking: /home/yoga7i/engr4200-termproject/install/delivery_interfaces/lib/python3.12/site-packages/delivery_interfaces/srv/_scan_package_s.c
-- Symlinking: /home/yoga7i/engr4200-termproject/install/delivery_interfaces/lib/python3.12/site-packages/delivery_interfaces/srv/_set_lift_state.py
-- Symlinking: /home/yoga7i/engr4200-termproject/install/delivery_interfaces/lib/python3.12/site-packages/delivery_interfaces/srv/_set_lift_state_s.c
-- Up-to-date symlink: /home/yoga7i/engr4200-termproject/install/delivery_interfaces/lib/python3.12/site-packages/delivery_interfaces/delivery_interfaces_s__rosidl_typesupport_fastrtps_c.so
-- Up-to-date symlink: /home/yoga7i/engr4200-termproject/install/delivery_interfaces/lib/python3.12/site-packages/delivery_interfaces/delivery_interfaces_s__rosidl_typesupport_introspection_c.so
-- Up-to-date symlink: /home/yoga7i/engr4200-termproject/install/delivery_interfaces/lib/python3.12/site-packages/delivery_interfaces/delivery_interfaces_s__rosidl_typesupport_c.so
-- Symlinking: /home/yoga7i/engr4200-termproject/install/delivery_interfaces/share/delivery_interfaces/srv/ScanPackage.idl
-- Symlinking: /home/yoga7i/engr4200-termproject/install/delivery_interfaces/share/delivery_interfaces/srv/SetLiftState.idl
-- Symlinking: /home/yoga7i/engr4200-termproject/install/delivery_interfaces/share/delivery_interfaces/srv/ScanPackage.srv
-- Symlinking: /home/yoga7i/engr4200-termproject/install/delivery_interfaces/share/delivery_interfaces/srv/SetLiftState.srv
-- Symlinking: /home/yoga7i/engr4200-termproject/install/delivery_interfaces/share/ament_index/resource_index/package_run_dependencies/delivery_interfaces
-- Symlinking: /home/yoga7i/engr4200-termproject/install/delivery_interfaces/share/ament_index/resource_index/parent_prefix_path/delivery_interfaces
-- Symlinking: /home/yoga7i/engr4200-termproject/install/delivery_interfaces/share/delivery_interfaces/environment/ament_prefix_path.sh
-- Symlinking: /home/yoga7i/engr4200-termproject/install/delivery_interfaces/share/delivery_interfaces/environment/ament_prefix_path.dsv
-- Symlinking: /home/yoga7i/engr4200-termproject/install/delivery_interfaces/share/delivery_interfaces/environment/path.sh
-- Symlinking: /home/yoga7i/engr4200-termproject/install/delivery_interfaces/share/delivery_interfaces/environment/path.dsv
-- Symlinking: /home/yoga7i/engr4200-termproject/install/delivery_interfaces/share/delivery_interfaces/local_setup.bash
-- Symlinking: /home/yoga7i/engr4200-termproject/install/delivery_interfaces/share/delivery_interfaces/local_setup.sh
-- Symlinking: /home/yoga7i/engr4200-termproject/install/delivery_interfaces/share/delivery_interfaces/local_setup.zsh
-- Symlinking: /home/yoga7i/engr4200-termproject/install/delivery_interfaces/share/delivery_interfaces/local_setup.dsv
-- Symlinking: /home/yoga7i/engr4200-termproject/install/delivery_interfaces/share/delivery_interfaces/package.dsv
-- Symlinking: /home/yoga7i/engr4200-termproject/install/delivery_interfaces/share/ament_index/resource_index/packages/delivery_interfaces
-- Symlinking: /home/yoga7i/engr4200-termproject/install/delivery_interfaces/share/delivery_interfaces/cmake/rosidl_cmake-extras.cmake
-- Symlinking: /home/yoga7i/engr4200-termproject/install/delivery_interfaces/share/delivery_interfaces/cmake/ament_cmake_export_dependencies-extras.cmake
-- Symlinking: /home/yoga7i/engr4200-termproject/install/delivery_interfaces/share/delivery_interfaces/cmake/ament_cmake_export_include_directories-extras.cmake
-- Symlinking: /home/yoga7i/engr4200-termproject/install/delivery_interfaces/share/delivery_interfaces/cmake/ament_cmake_export_libraries-extras.cmake
-- Symlinking: /home/yoga7i/engr4200-termproject/install/delivery_interfaces/share/delivery_interfaces/cmake/ament_cmake_export_targets-extras.cmake
-- Symlinking: /home/yoga7i/engr4200-termproject/install/delivery_interfaces/share/delivery_interfaces/cmake/rosidl_cmake_export_typesupport_targets-extras.cmake
-- Symlinking: /home/yoga7i/engr4200-termproject/install/delivery_interfaces/share/delivery_interfaces/cmake/rosidl_cmake_export_typesupport_libraries-extras.cmake
-- Symlinking: /home/yoga7i/engr4200-termproject/install/delivery_interfaces/share/delivery_interfaces/cmake/delivery_interfacesConfig.cmake
-- Symlinking: /home/yoga7i/engr4200-termproject/install/delivery_interfaces/share/delivery_interfaces/cmake/delivery_interfacesConfig-version.cmake
-- Symlinking: /home/yoga7i/engr4200-termproject/install/delivery_interfaces/share/delivery_interfaces/package.xml
-- Installing: /home/yoga7i/engr4200-termproject/install/delivery_interfaces/lib/libdelivery_interfaces__rosidl_generator_c.so
-- Set non-toolchain portion of runtime path of "/home/yoga7i/engr4200-termproject/install/delivery_interfaces/lib/libdelivery_interfaces__rosidl_generator_c.so" to ""
-- Installing: /home/yoga7i/engr4200-termproject/install/delivery_interfaces/lib/libdelivery_interfaces__rosidl_typesupport_fastrtps_c.so
-- Set non-toolchain portion of runtime path of "/home/yoga7i/engr4200-termproject/install/delivery_interfaces/lib/libdelivery_interfaces__rosidl_typesupport_fastrtps_c.so" to ""
-- Installing: /home/yoga7i/engr4200-termproject/install/delivery_interfaces/lib/libdelivery_interfaces__rosidl_typesupport_introspection_c.so
-- Set non-toolchain portion of runtime path of "/home/yoga7i/engr4200-termproject/install/delivery_interfaces/lib/libdelivery_interfaces__rosidl_typesupport_introspection_c.so" to ""
-- Installing: /home/yoga7i/engr4200-termproject/install/delivery_interfaces/lib/libdelivery_interfaces__rosidl_typesupport_c.so
-- Set non-toolchain portion of runtime path of "/home/yoga7i/engr4200-termproject/install/delivery_interfaces/lib/libdelivery_interfaces__rosidl_typesupport_c.so" to ""
-- Installing: /home/yoga7i/engr4200-termproject/install/delivery_interfaces/lib/libdelivery_interfaces__rosidl_typesupport_fastrtps_cpp.so
-- Set non-toolchain portion of runtime path of "/home/yoga7i/engr4200-termproject/install/delivery_interfaces/lib/libdelivery_interfaces__rosidl_typesupport_fastrtps_cpp.so" to ""
-- Installing: /home/yoga7i/engr4200-termproject/install/delivery_interfaces/lib/libdelivery_interfaces__rosidl_typesupport_introspection_cpp.so
-- Set non-toolchain portion of runtime path of "/home/yoga7i/engr4200-termproject/install/delivery_interfaces/lib/libdelivery_interfaces__rosidl_typesupport_introspection_cpp.so" to ""
-- Installing: /home/yoga7i/engr4200-termproject/install/delivery_interfaces/lib/libdelivery_interfaces__rosidl_typesupport_cpp.so
-- Set non-toolchain portion of runtime path of "/home/yoga7i/engr4200-termproject/install/delivery_interfaces/lib/libdelivery_interfaces__rosidl_typesupport_cpp.so" to ""
Listing '/home/yoga7i/engr4200-termproject/install/delivery_interfaces/lib/python3.12/site-packages/delivery_interfaces'...
Compiling '/home/yoga7i/engr4200-termproject/install/delivery_interfaces/lib/python3.12/site-packages/delivery_interfaces/__init__.py'...
Listing '/home/yoga7i/engr4200-termproject/install/delivery_interfaces/lib/python3.12/site-packages/delivery_interfaces/srv'...
Compiling '/home/yoga7i/engr4200-termproject/install/delivery_interfaces/lib/python3.12/site-packages/delivery_interfaces/srv/__init__.py'...
Compiling '/home/yoga7i/engr4200-termproject/install/delivery_interfaces/lib/python3.12/site-packages/delivery_interfaces/srv/_scan_package.py'...
Compiling '/home/yoga7i/engr4200-termproject/install/delivery_interfaces/lib/python3.12/site-packages/delivery_interfaces/srv/_set_lift_state.py'...
-- Installing: /home/yoga7i/engr4200-termproject/install/delivery_interfaces/lib/libdelivery_interfaces__rosidl_generator_py.so
-- Set non-toolchain portion of runtime path of "/home/yoga7i/engr4200-termproject/install/delivery_interfaces/lib/libdelivery_interfaces__rosidl_generator_py.so" to ""
-- Installing: /home/yoga7i/engr4200-termproject/install/delivery_interfaces/share/delivery_interfaces/cmake/export_delivery_interfaces__rosidl_generator_cExport.cmake
-- Installing: /home/yoga7i/engr4200-termproject/install/delivery_interfaces/share/delivery_interfaces/cmake/export_delivery_interfaces__rosidl_generator_cExport-noconfig.cmake
-- Installing: /home/yoga7i/engr4200-termproject/install/delivery_interfaces/share/delivery_interfaces/cmake/export_delivery_interfaces__rosidl_typesupport_fastrtps_cExport.cmake
-- Installing: /home/yoga7i/engr4200-termproject/install/delivery_interfaces/share/delivery_interfaces/cmake/export_delivery_interfaces__rosidl_typesupport_fastrtps_cExport-noconfig.cmake
-- Installing: /home/yoga7i/engr4200-termproject/install/delivery_interfaces/share/delivery_interfaces/cmake/delivery_interfaces__rosidl_typesupport_introspection_cExport.cmake
-- Installing: /home/yoga7i/engr4200-termproject/install/delivery_interfaces/share/delivery_interfaces/cmake/delivery_interfaces__rosidl_typesupport_introspection_cExport-noconfig.cmake
-- Installing: /home/yoga7i/engr4200-termproject/install/delivery_interfaces/share/delivery_interfaces/cmake/delivery_interfaces__rosidl_typesupport_cExport.cmake
-- Installing: /home/yoga7i/engr4200-termproject/install/delivery_interfaces/share/delivery_interfaces/cmake/delivery_interfaces__rosidl_typesupport_cExport-noconfig.cmake
-- Installing: /home/yoga7i/engr4200-termproject/install/delivery_interfaces/share/delivery_interfaces/cmake/export_delivery_interfaces__rosidl_generator_cppExport.cmake
-- Installing: /home/yoga7i/engr4200-termproject/install/delivery_interfaces/share/delivery_interfaces/cmake/export_delivery_interfaces__rosidl_typesupport_fastrtps_cppExport.cmake
-- Installing: /home/yoga7i/engr4200-termproject/install/delivery_interfaces/share/delivery_interfaces/cmake/export_delivery_interfaces__rosidl_typesupport_fastrtps_cppExport-noconfig.cmake
-- Installing: /home/yoga7i/engr4200-termproject/install/delivery_interfaces/share/delivery_interfaces/cmake/delivery_interfaces__rosidl_typesupport_introspection_cppExport.cmake
-- Installing: /home/yoga7i/engr4200-termproject/install/delivery_interfaces/share/delivery_interfaces/cmake/delivery_interfaces__rosidl_typesupport_introspection_cppExport-noconfig.cmake
-- Installing: /home/yoga7i/engr4200-termproject/install/delivery_interfaces/share/delivery_interfaces/cmake/delivery_interfaces__rosidl_typesupport_cppExport.cmake
-- Installing: /home/yoga7i/engr4200-termproject/install/delivery_interfaces/share/delivery_interfaces/cmake/delivery_interfaces__rosidl_typesupport_cppExport-noconfig.cmake
-- Installing: /home/yoga7i/engr4200-termproject/install/delivery_interfaces/share/delivery_interfaces/cmake/export_delivery_interfaces__rosidl_generator_pyExport.cmake
-- Installing: /home/yoga7i/engr4200-termproject/install/delivery_interfaces/share/delivery_interfaces/cmake/export_delivery_interfaces__rosidl_generator_pyExport-noconfig.cmake
