[0.029s] Invoking command in '/home/yoga7i/engr4200-termproject/build/delivery_interfaces': CMAKE_PREFIX_PATH=${CMAKE_PREFIX_PATH}:/opt/ros/jazzy /usr/bin/cmake /home/yoga7i/engr4200-termproject/src/delivery_interfaces -DAMENT_CMAKE_SYMLINK_INSTALL=1 -DCMAKE_INSTALL_PREFIX=/home/yoga7i/engr4200-termproject/install/delivery_interfaces
[0.356s] -- The C compiler identification is GNU 13.3.0
[1.027s] -- The CXX compiler identification is GNU 13.3.0
[1.540s] -- Detecting C compiler ABI info
[1.846s] -- Detecting C compiler ABI info - done
[1.854s] -- Check for working C compiler: /usr/bin/cc - skipped
[1.855s] -- Detecting C compile features
[1.856s] -- Detecting C compile features - done
[1.972s] -- Detecting CXX compiler ABI info
[2.325s] -- Detecting CXX compiler ABI info - done
[2.333s] -- Check for working CXX compiler: /usr/bin/c++ - skipped
[2.333s] -- Detecting CXX compile features
[2.335s] -- Detecting CXX compile features - done
[2.382s] -- Found ament_cmake: 2.5.4 (/opt/ros/jazzy/share/ament_cmake/cmake)
[2.558s] -- Found Python3: /usr/bin/python3 (found version "3.12.3") found components: Interpreter 
[2.675s] -- Override CMake install command with custom implementation using symlinks instead of copying resources
[2.786s] -- Found rosidl_default_generators: 1.6.0 (/opt/ros/jazzy/share/rosidl_default_generators/cmake)
[2.805s] -- Using all available rosidl_typesupport_c: rosidl_typesupport_fastrtps_c;rosidl_typesupport_introspection_c
[3.128s] -- Using all available rosidl_typesupport_cpp: rosidl_typesupport_fastrtps_cpp;rosidl_typesupport_introspection_cpp
[3.201s] -- Found rosidl_adapter: 4.6.6 (/opt/ros/jazzy/share/rosidl_adapter/cmake)
[3.210s] -- Found std_msgs: 5.3.6 (/opt/ros/jazzy/share/std_msgs/cmake)
[3.882s] -- Found ament_cmake_ros: 0.12.0 (/opt/ros/jazzy/share/ament_cmake_ros/cmake)
[4.294s] -- Using all available rosidl_typesupport_c: rosidl_typesupport_fastrtps_c;rosidl_typesupport_introspection_c
[5.088s] -- Using all available rosidl_typesupport_cpp: rosidl_typesupport_fastrtps_cpp;rosidl_typesupport_introspection_cpp
[5.094s] -- Found python_cmake_module: 0.11.1 (/opt/ros/jazzy/share/python_cmake_module/cmake)
[5.212s] -- Found PythonExtra: /usr/bin/python3  
[5.704s] -- Found Python3: /usr/bin/python3 (found version "3.12.3") found components: Interpreter Development NumPy Development.Module Development.Embed 
[5.774s] -- Configuring done (5.7s)
[5.829s] -- Generating done (0.0s)
[5.845s] -- Build files have been written to: /home/yoga7i/engr4200-termproject/build/delivery_interfaces
[5.855s] Invoked command in '/home/yoga7i/engr4200-termproject/build/delivery_interfaces' returned '0': CMAKE_PREFIX_PATH=${CMAKE_PREFIX_PATH}:/opt/ros/jazzy /usr/bin/cmake /home/yoga7i/engr4200-termproject/src/delivery_interfaces -DAMENT_CMAKE_SYMLINK_INSTALL=1 -DCMAKE_INSTALL_PREFIX=/home/yoga7i/engr4200-termproject/install/delivery_interfaces
[5.857s] Invoking command in '/home/yoga7i/engr4200-termproject/build/delivery_interfaces': CMAKE_PREFIX_PATH=${CMAKE_PREFIX_PATH}:/opt/ros/jazzy /usr/bin/cmake --build /home/yoga7i/engr4200-termproject/build/delivery_interfaces -- -j14 -l14
[5.898s] [  2%] [34m[1mGenerating type hashes for ROS interfaces[0m
[5.904s] [  2%] Built target ament_cmake_python_symlink_delivery_interfaces
[6.100s] running egg_info
[6.101s] creating delivery_interfaces.egg-info
[6.110s] [  2%] Built target delivery_interfaces__rosidl_generator_type_description
[6.119s] [  4%] [34m[1mGenerating C code for ROS interfaces[0m
[6.128s] writing delivery_interfaces.egg-info/PKG-INFO
[6.128s] writing dependency_links to delivery_interfaces.egg-info/dependency_links.txt
[6.128s] writing top-level names to delivery_interfaces.egg-info/top_level.txt
[6.129s] writing manifest file 'delivery_interfaces.egg-info/SOURCES.txt'
[6.134s] [  6%] [34m[1mGenerating C++ code for ROS interfaces[0m
[6.207s] reading manifest file 'delivery_interfaces.egg-info/SOURCES.txt'
[6.208s] writing manifest file 'delivery_interfaces.egg-info/SOURCES.txt'
[6.234s] [  6%] Built target ament_cmake_python_build_delivery_interfaces_egg
[6.507s] [  6%] Built target delivery_interfaces__cpp
[6.550s] [  9%] [32mBuilding C object CMakeFiles/delivery_interfaces__rosidl_generator_c.dir/rosidl_generator_c/delivery_interfaces/srv/detail/scan_package__description.c.o[0m
[6.550s] [ 11%] [32mBuilding C object CMakeFiles/delivery_interfaces__rosidl_generator_c.dir/rosidl_generator_c/delivery_interfaces/srv/detail/scan_package__functions.c.o[0m
[6.552s] [ 13%] [32mBuilding C object CMakeFiles/delivery_interfaces__rosidl_generator_c.dir/rosidl_generator_c/delivery_interfaces/srv/detail/set_lift_state__description.c.o[0m
[6.553s] [ 15%] [32mBuilding C object CMakeFiles/delivery_interfaces__rosidl_generator_c.dir/rosidl_generator_c/delivery_interfaces/srv/detail/scan_package__type_support.c.o[0m
[6.554s] [ 20%] [32mBuilding C object CMakeFiles/delivery_interfaces__rosidl_generator_c.dir/rosidl_generator_c/delivery_interfaces/srv/detail/set_lift_state__functions.c.o[0m
[6.554s] [ 20%] [32mBuilding C object CMakeFiles/delivery_interfaces__rosidl_generator_c.dir/rosidl_generator_c/delivery_interfaces/srv/detail/set_lift_state__type_support.c.o[0m
[6.649s] [ 22%] [32m[1mLinking C shared library libdelivery_interfaces__rosidl_generator_c.so[0m
[6.743s] [ 22%] Built target delivery_interfaces__rosidl_generator_c
[6.751s] [ 25%] [34m[1mGenerating C++ introspection for ROS interfaces[0m
[6.751s] [ 27%] [34m[1mGenerating C++ type support for eProsima Fast-RTPS[0m
[6.758s] [ 29%] [34m[1mGenerating C++ type support dispatch for ROS interfaces[0m
[6.765s] [ 31%] [34m[1mGenerating C introspection for ROS interfaces[0m
[6.770s] [ 34%] [34m[1mGenerating C type support dispatch for ROS interfaces[0m
[6.771s] [ 36%] [34m[1mGenerating C type support for eProsima Fast-RTPS[0m
[7.138s] [ 38%] [32mBuilding CXX object CMakeFiles/delivery_interfaces__rosidl_typesupport_cpp.dir/rosidl_typesupport_cpp/delivery_interfaces/srv/set_lift_state__type_support.cpp.o[0m
[7.140s] [ 40%] [32mBuilding CXX object CMakeFiles/delivery_interfaces__rosidl_typesupport_cpp.dir/rosidl_typesupport_cpp/delivery_interfaces/srv/scan_package__type_support.cpp.o[0m
[7.149s] [ 43%] [32mBuilding CXX object CMakeFiles/delivery_interfaces__rosidl_typesupport_c.dir/rosidl_typesupport_c/delivery_interfaces/srv/scan_package__type_support.cpp.o[0m
[7.152s] [ 45%] [32mBuilding CXX object CMakeFiles/delivery_interfaces__rosidl_typesupport_c.dir/rosidl_typesupport_c/delivery_interfaces/srv/set_lift_state__type_support.cpp.o[0m
[7.162s] [ 47%] [32mBuilding CXX object CMakeFiles/delivery_interfaces__rosidl_typesupport_introspection_cpp.dir/rosidl_typesupport_introspection_cpp/delivery_interfaces/srv/detail/set_lift_state__type_support.cpp.o[0m
[7.169s] [ 50%] [32mBuilding CXX object CMakeFiles/delivery_interfaces__rosidl_typesupport_introspection_cpp.dir/rosidl_typesupport_introspection_cpp/delivery_interfaces/srv/detail/scan_package__type_support.cpp.o[0m
[7.226s] [ 52%] [32mBuilding C object CMakeFiles/delivery_interfaces__rosidl_typesupport_introspection_c.dir/rosidl_typesupport_introspection_c/delivery_interfaces/srv/detail/set_lift_state__type_support.c.o[0m
[7.231s] [ 54%] [32mBuilding C object CMakeFiles/delivery_interfaces__rosidl_typesupport_introspection_c.dir/rosidl_typesupport_introspection_c/delivery_interfaces/srv/detail/scan_package__type_support.c.o[0m
[7.236s] [ 56%] [32m[1mLinking CXX shared library libdelivery_interfaces__rosidl_typesupport_c.so[0m
[7.291s] [ 59%] [32mBuilding CXX object CMakeFiles/delivery_interfaces__rosidl_typesupport_fastrtps_cpp.dir/rosidl_typesupport_fastrtps_cpp/delivery_interfaces/srv/detail/dds_fastrtps/set_lift_state__type_support.cpp.o[0m
[7.294s] [ 61%] [32mBuilding CXX object CMakeFiles/delivery_interfaces__rosidl_typesupport_fastrtps_cpp.dir/rosidl_typesupport_fastrtps_cpp/delivery_interfaces/srv/detail/dds_fastrtps/scan_package__type_support.cpp.o[0m
[7.301s] [ 63%] [32m[1mLinking C shared library libdelivery_interfaces__rosidl_typesupport_introspection_c.so[0m
[7.376s] [ 65%] [32mBuilding CXX object CMakeFiles/delivery_interfaces__rosidl_typesupport_fastrtps_c.dir/rosidl_typesupport_fastrtps_c/delivery_interfaces/srv/detail/scan_package__type_support_c.cpp.o[0m
[7.379s] [ 68%] [32mBuilding CXX object CMakeFiles/delivery_interfaces__rosidl_typesupport_fastrtps_c.dir/rosidl_typesupport_fastrtps_c/delivery_interfaces/srv/detail/set_lift_state__type_support_c.cpp.o[0m
[7.413s] [ 68%] Built target delivery_interfaces__rosidl_typesupport_c
[7.448s] [ 68%] Built target delivery_interfaces__rosidl_typesupport_introspection_c
[7.850s] [ 70%] [32m[1mLinking CXX shared library libdelivery_interfaces__rosidl_typesupport_cpp.so[0m
[7.910s] [ 72%] [32m[1mLinking CXX shared library libdelivery_interfaces__rosidl_typesupport_introspection_cpp.so[0m
[8.045s] [ 72%] Built target delivery_interfaces__rosidl_typesupport_cpp
[8.096s] [ 72%] Built target delivery_interfaces__rosidl_typesupport_introspection_cpp
[8.169s] [ 75%] [32m[1mLinking CXX shared library libdelivery_interfaces__rosidl_typesupport_fastrtps_c.so[0m
[8.216s] [ 77%] [32m[1mLinking CXX shared library libdelivery_interfaces__rosidl_typesupport_fastrtps_cpp.so[0m
[8.309s] [ 77%] Built target delivery_interfaces__rosidl_typesupport_fastrtps_c
[8.330s] [ 77%] Built target delivery_interfaces__rosidl_typesupport_fastrtps_cpp
[8.346s] [ 77%] Built target delivery_interfaces
[8.362s] [ 79%] [34m[1mGenerating Python code for ROS interfaces[0m
[8.833s] [ 79%] Built target delivery_interfaces__py
[8.853s] [ 81%] [32mBuilding C object CMakeFiles/delivery_interfaces__rosidl_generator_py.dir/rosidl_generator_py/delivery_interfaces/srv/_scan_package_s.c.o[0m
[8.858s] [ 84%] [32mBuilding C object CMakeFiles/delivery_interfaces__rosidl_generator_py.dir/rosidl_generator_py/delivery_interfaces/srv/_set_lift_state_s.c.o[0m
[9.051s] [ 86%] [32m[1mLinking C shared library libdelivery_interfaces__rosidl_generator_py.so[0m
[9.144s] [ 86%] Built target delivery_interfaces__rosidl_generator_py
[9.164s] [ 88%] [32mBuilding C object CMakeFiles/delivery_interfaces_s__rosidl_typesupport_fastrtps_c.dir/rosidl_generator_py/delivery_interfaces/_delivery_interfaces_s.ep.rosidl_typesupport_fastrtps_c.c.o[0m
[9.168s] [ 90%] [32mBuilding C object CMakeFiles/delivery_interfaces_s__rosidl_typesupport_c.dir/rosidl_generator_py/delivery_interfaces/_delivery_interfaces_s.ep.rosidl_typesupport_c.c.o[0m
[9.170s] [ 93%] [32mBuilding C object CMakeFiles/delivery_interfaces_s__rosidl_typesupport_introspection_c.dir/rosidl_generator_py/delivery_interfaces/_delivery_interfaces_s.ep.rosidl_typesupport_introspection_c.c.o[0m
[9.295s] [ 95%] [32m[1mLinking C shared module rosidl_generator_py/delivery_interfaces/delivery_interfaces_s__rosidl_typesupport_introspection_c.so[0m
[9.307s] [ 97%] [32m[1mLinking C shared module rosidl_generator_py/delivery_interfaces/delivery_interfaces_s__rosidl_typesupport_fastrtps_c.so[0m
[9.332s] [100%] [32m[1mLinking C shared module rosidl_generator_py/delivery_interfaces/delivery_interfaces_s__rosidl_typesupport_c.so[0m
[9.375s] [100%] Built target delivery_interfaces_s__rosidl_typesupport_introspection_c
[9.401s] [100%] Built target delivery_interfaces_s__rosidl_typesupport_fastrtps_c
[9.407s] [100%] Built target delivery_interfaces_s__rosidl_typesupport_c
[9.424s] Invoked command in '/home/yoga7i/engr4200-termproject/build/delivery_interfaces' returned '0': CMAKE_PREFIX_PATH=${CMAKE_PREFIX_PATH}:/opt/ros/jazzy /usr/bin/cmake --build /home/yoga7i/engr4200-termproject/build/delivery_interfaces -- -j14 -l14
[9.436s] Invoking command in '/home/yoga7i/engr4200-termproject/build/delivery_interfaces': CMAKE_PREFIX_PATH=${CMAKE_PREFIX_PATH}:/opt/ros/jazzy /usr/bin/cmake --install /home/yoga7i/engr4200-termproject/build/delivery_interfaces
[9.448s] -- Install configuration: ""
[9.448s] -- Execute custom install script
[9.449s] -- Symlinking: /home/yoga7i/engr4200-termproject/install/delivery_interfaces/share/ament_index/resource_index/rosidl_interfaces/delivery_interfaces
[9.459s] -- Symlinking: /home/yoga7i/engr4200-termproject/install/delivery_interfaces/share/delivery_interfaces/srv/ScanPackage.json
[9.468s] -- Symlinking: /home/yoga7i/engr4200-termproject/install/delivery_interfaces/share/delivery_interfaces/srv/SetLiftState.json
[9.479s] -- Symlinking: /home/yoga7i/engr4200-termproject/install/delivery_interfaces/include/delivery_interfaces/delivery_interfaces/msg/rosidl_generator_c__visibility_control.h
[9.489s] -- Symlinking: /home/yoga7i/engr4200-termproject/install/delivery_interfaces/include/delivery_interfaces/delivery_interfaces/srv/detail/scan_package__functions.h
[9.497s] -- Symlinking: /home/yoga7i/engr4200-termproject/install/delivery_interfaces/include/delivery_interfaces/delivery_interfaces/srv/detail/scan_package__struct.h
[9.508s] -- Symlinking: /home/yoga7i/engr4200-termproject/install/delivery_interfaces/include/delivery_interfaces/delivery_interfaces/srv/detail/scan_package__type_support.h
[9.517s] -- Symlinking: /home/yoga7i/engr4200-termproject/install/delivery_interfaces/include/delivery_interfaces/delivery_interfaces/srv/detail/set_lift_state__functions.h
[9.525s] -- Symlinking: /home/yoga7i/engr4200-termproject/install/delivery_interfaces/include/delivery_interfaces/delivery_interfaces/srv/detail/set_lift_state__struct.h
[9.533s] -- Symlinking: /home/yoga7i/engr4200-termproject/install/delivery_interfaces/include/delivery_interfaces/delivery_interfaces/srv/detail/set_lift_state__type_support.h
[9.545s] -- Symlinking: /home/yoga7i/engr4200-termproject/install/delivery_interfaces/include/delivery_interfaces/delivery_interfaces/srv/scan_package.h
[9.552s] -- Symlinking: /home/yoga7i/engr4200-termproject/install/delivery_interfaces/include/delivery_interfaces/delivery_interfaces/srv/set_lift_state.h
[9.565s] -- Symlinking: /home/yoga7i/engr4200-termproject/install/delivery_interfaces/share/delivery_interfaces/environment/library_path.sh
[9.573s] -- Symlinking: /home/yoga7i/engr4200-termproject/install/delivery_interfaces/share/delivery_interfaces/environment/library_path.dsv
[9.580s] -- Symlinking: /home/yoga7i/engr4200-termproject/install/delivery_interfaces/include/delivery_interfaces/delivery_interfaces/msg/rosidl_typesupport_fastrtps_c__visibility_control.h
[9.589s] -- Symlinking: /home/yoga7i/engr4200-termproject/install/delivery_interfaces/include/delivery_interfaces/delivery_interfaces/srv/detail/scan_package__rosidl_typesupport_fastrtps_c.h
[9.598s] -- Symlinking: /home/yoga7i/engr4200-termproject/install/delivery_interfaces/include/delivery_interfaces/delivery_interfaces/srv/detail/set_lift_state__rosidl_typesupport_fastrtps_c.h
[9.607s] -- Symlinking: /home/yoga7i/engr4200-termproject/install/delivery_interfaces/include/delivery_interfaces/delivery_interfaces/msg/rosidl_typesupport_introspection_c__visibility_control.h
[9.615s] -- Symlinking: /home/yoga7i/engr4200-termproject/install/delivery_interfaces/include/delivery_interfaces/delivery_interfaces/srv/detail/scan_package__rosidl_typesupport_introspection_c.h
[9.624s] -- Symlinking: /home/yoga7i/engr4200-termproject/install/delivery_interfaces/include/delivery_interfaces/delivery_interfaces/srv/detail/set_lift_state__rosidl_typesupport_introspection_c.h
[9.632s] -- Symlinking: /home/yoga7i/engr4200-termproject/install/delivery_interfaces/include/delivery_interfaces/delivery_interfaces/msg/rosidl_generator_cpp__visibility_control.hpp
[9.644s] -- Symlinking: /home/yoga7i/engr4200-termproject/install/delivery_interfaces/include/delivery_interfaces/delivery_interfaces/srv/detail/scan_package__builder.hpp
[9.656s] -- Symlinking: /home/yoga7i/engr4200-termproject/install/delivery_interfaces/include/delivery_interfaces/delivery_interfaces/srv/detail/scan_package__struct.hpp
[9.664s] -- Symlinking: /home/yoga7i/engr4200-termproject/install/delivery_interfaces/include/delivery_interfaces/delivery_interfaces/srv/detail/scan_package__traits.hpp
[9.671s] -- Symlinking: /home/yoga7i/engr4200-termproject/install/delivery_interfaces/include/delivery_interfaces/delivery_interfaces/srv/detail/scan_package__type_support.hpp
[9.679s] -- Symlinking: /home/yoga7i/engr4200-termproject/install/delivery_interfaces/include/delivery_interfaces/delivery_interfaces/srv/detail/set_lift_state__builder.hpp
[9.688s] -- Symlinking: /home/yoga7i/engr4200-termproject/install/delivery_interfaces/include/delivery_interfaces/delivery_interfaces/srv/detail/set_lift_state__struct.hpp
[9.697s] -- Symlinking: /home/yoga7i/engr4200-termproject/install/delivery_interfaces/include/delivery_interfaces/delivery_interfaces/srv/detail/set_lift_state__traits.hpp
[9.704s] -- Symlinking: /home/yoga7i/engr4200-termproject/install/delivery_interfaces/include/delivery_interfaces/delivery_interfaces/srv/detail/set_lift_state__type_support.hpp
[9.712s] -- Symlinking: /home/yoga7i/engr4200-termproject/install/delivery_interfaces/include/delivery_interfaces/delivery_interfaces/srv/scan_package.hpp
[9.722s] -- Symlinking: /home/yoga7i/engr4200-termproject/install/delivery_interfaces/include/delivery_interfaces/delivery_interfaces/srv/set_lift_state.hpp
[9.730s] -- Symlinking: /home/yoga7i/engr4200-termproject/install/delivery_interfaces/include/delivery_interfaces/delivery_interfaces/msg/rosidl_typesupport_fastrtps_cpp__visibility_control.h
[9.745s] -- Symlinking: /home/yoga7i/engr4200-termproject/install/delivery_interfaces/include/delivery_interfaces/delivery_interfaces/srv/detail/scan_package__rosidl_typesupport_fastrtps_cpp.hpp
[9.752s] -- Symlinking: /home/yoga7i/engr4200-termproject/install/delivery_interfaces/include/delivery_interfaces/delivery_interfaces/srv/detail/set_lift_state__rosidl_typesupport_fastrtps_cpp.hpp
[9.763s] -- Symlinking: /home/yoga7i/engr4200-termproject/install/delivery_interfaces/include/delivery_interfaces/delivery_interfaces/srv/detail/scan_package__rosidl_typesupport_introspection_cpp.hpp
[9.770s] -- Symlinking: /home/yoga7i/engr4200-termproject/install/delivery_interfaces/include/delivery_interfaces/delivery_interfaces/srv/detail/set_lift_state__rosidl_typesupport_introspection_cpp.hpp
[9.779s] -- Symlinking: /home/yoga7i/engr4200-termproject/install/delivery_interfaces/share/delivery_interfaces/environment/pythonpath.sh
[9.786s] -- Symlinking: /home/yoga7i/engr4200-termproject/install/delivery_interfaces/share/delivery_interfaces/environment/pythonpath.dsv
[9.799s] -- Symlinking: /home/yoga7i/engr4200-termproject/install/delivery_interfaces/lib/python3.12/site-packages/delivery_interfaces-0.0.0-py3.12.egg-info/PKG-INFO
[9.807s] -- Symlinking: /home/yoga7i/engr4200-termproject/install/delivery_interfaces/lib/python3.12/site-packages/delivery_interfaces-0.0.0-py3.12.egg-info/SOURCES.txt
[9.816s] -- Symlinking: /home/yoga7i/engr4200-termproject/install/delivery_interfaces/lib/python3.12/site-packages/delivery_interfaces-0.0.0-py3.12.egg-info/dependency_links.txt
[9.824s] -- Symlinking: /home/yoga7i/engr4200-termproject/install/delivery_interfaces/lib/python3.12/site-packages/delivery_interfaces-0.0.0-py3.12.egg-info/top_level.txt
[9.834s] -- Symlinking: /home/yoga7i/engr4200-termproject/install/delivery_interfaces/lib/python3.12/site-packages/delivery_interfaces/__init__.py
[9.843s] -- Symlinking: /home/yoga7i/engr4200-termproject/install/delivery_interfaces/lib/python3.12/site-packages/delivery_interfaces/_delivery_interfaces_s.ep.rosidl_typesupport_c.c
[9.849s] -- Symlinking: /home/yoga7i/engr4200-termproject/install/delivery_interfaces/lib/python3.12/site-packages/delivery_interfaces/_delivery_interfaces_s.ep.rosidl_typesupport_fastrtps_c.c
[9.860s] -- Symlinking: /home/yoga7i/engr4200-termproject/install/delivery_interfaces/lib/python3.12/site-packages/delivery_interfaces/_delivery_interfaces_s.ep.rosidl_typesupport_introspection_c.c
[9.866s] -- Symlinking: /home/yoga7i/engr4200-termproject/install/delivery_interfaces/lib/python3.12/site-packages/delivery_interfaces/delivery_interfaces_s__rosidl_typesupport_c.so
[9.876s] -- Symlinking: /home/yoga7i/engr4200-termproject/install/delivery_interfaces/lib/python3.12/site-packages/delivery_interfaces/delivery_interfaces_s__rosidl_typesupport_fastrtps_c.so
[9.882s] -- Symlinking: /home/yoga7i/engr4200-termproject/install/delivery_interfaces/lib/python3.12/site-packages/delivery_interfaces/delivery_interfaces_s__rosidl_typesupport_introspection_c.so
[9.893s] -- Symlinking: /home/yoga7i/engr4200-termproject/install/delivery_interfaces/lib/python3.12/site-packages/delivery_interfaces/srv/__init__.py
[9.900s] -- Symlinking: /home/yoga7i/engr4200-termproject/install/delivery_interfaces/lib/python3.12/site-packages/delivery_interfaces/srv/_scan_package.py
[9.908s] -- Symlinking: /home/yoga7i/engr4200-termproject/install/delivery_interfaces/lib/python3.12/site-packages/delivery_interfaces/srv/_scan_package_s.c
[9.915s] -- Symlinking: /home/yoga7i/engr4200-termproject/install/delivery_interfaces/lib/python3.12/site-packages/delivery_interfaces/srv/_set_lift_state.py
[9.922s] -- Symlinking: /home/yoga7i/engr4200-termproject/install/delivery_interfaces/lib/python3.12/site-packages/delivery_interfaces/srv/_set_lift_state_s.c
[9.929s] -- Up-to-date symlink: /home/yoga7i/engr4200-termproject/install/delivery_interfaces/lib/python3.12/site-packages/delivery_interfaces/delivery_interfaces_s__rosidl_typesupport_fastrtps_c.so
[9.929s] -- Up-to-date symlink: /home/yoga7i/engr4200-termproject/install/delivery_interfaces/lib/python3.12/site-packages/delivery_interfaces/delivery_interfaces_s__rosidl_typesupport_introspection_c.so
[9.929s] -- Up-to-date symlink: /home/yoga7i/engr4200-termproject/install/delivery_interfaces/lib/python3.12/site-packages/delivery_interfaces/delivery_interfaces_s__rosidl_typesupport_c.so
[9.930s] -- Symlinking: /home/yoga7i/engr4200-termproject/install/delivery_interfaces/share/delivery_interfaces/srv/ScanPackage.idl
[9.937s] -- Symlinking: /home/yoga7i/engr4200-termproject/install/delivery_interfaces/share/delivery_interfaces/srv/SetLiftState.idl
[9.947s] -- Symlinking: /home/yoga7i/engr4200-termproject/install/delivery_interfaces/share/delivery_interfaces/srv/ScanPackage.srv
[9.961s] -- Symlinking: /home/yoga7i/engr4200-termproject/install/delivery_interfaces/share/delivery_interfaces/srv/SetLiftState.srv
[9.969s] -- Symlinking: /home/yoga7i/engr4200-termproject/install/delivery_interfaces/share/ament_index/resource_index/package_run_dependencies/delivery_interfaces
[9.979s] -- Symlinking: /home/yoga7i/engr4200-termproject/install/delivery_interfaces/share/ament_index/resource_index/parent_prefix_path/delivery_interfaces
[9.990s] -- Symlinking: /home/yoga7i/engr4200-termproject/install/delivery_interfaces/share/delivery_interfaces/environment/ament_prefix_path.sh
[9.999s] -- Symlinking: /home/yoga7i/engr4200-termproject/install/delivery_interfaces/share/delivery_interfaces/environment/ament_prefix_path.dsv
[10.008s] -- Symlinking: /home/yoga7i/engr4200-termproject/install/delivery_interfaces/share/delivery_interfaces/environment/path.sh
[10.016s] -- Symlinking: /home/yoga7i/engr4200-termproject/install/delivery_interfaces/share/delivery_interfaces/environment/path.dsv
[10.025s] -- Symlinking: /home/yoga7i/engr4200-termproject/install/delivery_interfaces/share/delivery_interfaces/local_setup.bash
[10.034s] -- Symlinking: /home/yoga7i/engr4200-termproject/install/delivery_interfaces/share/delivery_interfaces/local_setup.sh
[10.046s] -- Symlinking: /home/yoga7i/engr4200-termproject/install/delivery_interfaces/share/delivery_interfaces/local_setup.zsh
[10.057s] -- Symlinking: /home/yoga7i/engr4200-termproject/install/delivery_interfaces/share/delivery_interfaces/local_setup.dsv
[10.065s] -- Symlinking: /home/yoga7i/engr4200-termproject/install/delivery_interfaces/share/delivery_interfaces/package.dsv
[10.073s] -- Symlinking: /home/yoga7i/engr4200-termproject/install/delivery_interfaces/share/ament_index/resource_index/packages/delivery_interfaces
[10.081s] -- Symlinking: /home/yoga7i/engr4200-termproject/install/delivery_interfaces/share/delivery_interfaces/cmake/rosidl_cmake-extras.cmake
[10.087s] -- Symlinking: /home/yoga7i/engr4200-termproject/install/delivery_interfaces/share/delivery_interfaces/cmake/ament_cmake_export_dependencies-extras.cmake
[10.095s] -- Symlinking: /home/yoga7i/engr4200-termproject/install/delivery_interfaces/share/delivery_interfaces/cmake/ament_cmake_export_include_directories-extras.cmake
[10.103s] -- Symlinking: /home/yoga7i/engr4200-termproject/install/delivery_interfaces/share/delivery_interfaces/cmake/ament_cmake_export_libraries-extras.cmake
[10.111s] -- Symlinking: /home/yoga7i/engr4200-termproject/install/delivery_interfaces/share/delivery_interfaces/cmake/ament_cmake_export_targets-extras.cmake
[10.120s] -- Symlinking: /home/yoga7i/engr4200-termproject/install/delivery_interfaces/share/delivery_interfaces/cmake/rosidl_cmake_export_typesupport_targets-extras.cmake
[10.127s] -- Symlinking: /home/yoga7i/engr4200-termproject/install/delivery_interfaces/share/delivery_interfaces/cmake/rosidl_cmake_export_typesupport_libraries-extras.cmake
[10.136s] -- Symlinking: /home/yoga7i/engr4200-termproject/install/delivery_interfaces/share/delivery_interfaces/cmake/delivery_interfacesConfig.cmake
[10.145s] -- Symlinking: /home/yoga7i/engr4200-termproject/install/delivery_interfaces/share/delivery_interfaces/cmake/delivery_interfacesConfig-version.cmake
[10.152s] -- Symlinking: /home/yoga7i/engr4200-termproject/install/delivery_interfaces/share/delivery_interfaces/package.xml
[10.161s] -- Installing: /home/yoga7i/engr4200-termproject/install/delivery_interfaces/lib/libdelivery_interfaces__rosidl_generator_c.so
[10.162s] -- Set non-toolchain portion of runtime path of "/home/yoga7i/engr4200-termproject/install/delivery_interfaces/lib/libdelivery_interfaces__rosidl_generator_c.so" to ""
[10.162s] -- Installing: /home/yoga7i/engr4200-termproject/install/delivery_interfaces/lib/libdelivery_interfaces__rosidl_typesupport_fastrtps_c.so
[10.163s] -- Set non-toolchain portion of runtime path of "/home/yoga7i/engr4200-termproject/install/delivery_interfaces/lib/libdelivery_interfaces__rosidl_typesupport_fastrtps_c.so" to ""
[10.163s] -- Installing: /home/yoga7i/engr4200-termproject/install/delivery_interfaces/lib/libdelivery_interfaces__rosidl_typesupport_introspection_c.so
[10.164s] -- Set non-toolchain portion of runtime path of "/home/yoga7i/engr4200-termproject/install/delivery_interfaces/lib/libdelivery_interfaces__rosidl_typesupport_introspection_c.so" to ""
[10.164s] -- Installing: /home/yoga7i/engr4200-termproject/install/delivery_interfaces/lib/libdelivery_interfaces__rosidl_typesupport_c.so
[10.164s] -- Set non-toolchain portion of runtime path of "/home/yoga7i/engr4200-termproject/install/delivery_interfaces/lib/libdelivery_interfaces__rosidl_typesupport_c.so" to ""
[10.164s] -- Installing: /home/yoga7i/engr4200-termproject/install/delivery_interfaces/lib/libdelivery_interfaces__rosidl_typesupport_fastrtps_cpp.so
[10.165s] -- Set non-toolchain portion of runtime path of "/home/yoga7i/engr4200-termproject/install/delivery_interfaces/lib/libdelivery_interfaces__rosidl_typesupport_fastrtps_cpp.so" to ""
[10.165s] -- Installing: /home/yoga7i/engr4200-termproject/install/delivery_interfaces/lib/libdelivery_interfaces__rosidl_typesupport_introspection_cpp.so
[10.165s] -- Set non-toolchain portion of runtime path of "/home/yoga7i/engr4200-termproject/install/delivery_interfaces/lib/libdelivery_interfaces__rosidl_typesupport_introspection_cpp.so" to ""
[10.166s] -- Installing: /home/yoga7i/engr4200-termproject/install/delivery_interfaces/lib/libdelivery_interfaces__rosidl_typesupport_cpp.so
[10.167s] -- Set non-toolchain portion of runtime path of "/home/yoga7i/engr4200-termproject/install/delivery_interfaces/lib/libdelivery_interfaces__rosidl_typesupport_cpp.so" to ""
[10.206s] Listing '/home/yoga7i/engr4200-termproject/install/delivery_interfaces/lib/python3.12/site-packages/delivery_interfaces'...
[10.206s] Compiling '/home/yoga7i/engr4200-termproject/install/delivery_interfaces/lib/python3.12/site-packages/delivery_interfaces/__init__.py'...
[10.206s] Listing '/home/yoga7i/engr4200-termproject/install/delivery_interfaces/lib/python3.12/site-packages/delivery_interfaces/srv'...
[10.206s] Compiling '/home/yoga7i/engr4200-termproject/install/delivery_interfaces/lib/python3.12/site-packages/delivery_interfaces/srv/__init__.py'...
[10.207s] Compiling '/home/yoga7i/engr4200-termproject/install/delivery_interfaces/lib/python3.12/site-packages/delivery_interfaces/srv/_scan_package.py'...
[10.207s] Compiling '/home/yoga7i/engr4200-termproject/install/delivery_interfaces/lib/python3.12/site-packages/delivery_interfaces/srv/_set_lift_state.py'...
[10.211s] -- Installing: /home/yoga7i/engr4200-termproject/install/delivery_interfaces/lib/libdelivery_interfaces__rosidl_generator_py.so
[10.212s] -- Set non-toolchain portion of runtime path of "/home/yoga7i/engr4200-termproject/install/delivery_interfaces/lib/libdelivery_interfaces__rosidl_generator_py.so" to ""
[10.212s] -- Installing: /home/yoga7i/engr4200-termproject/install/delivery_interfaces/share/delivery_interfaces/cmake/export_delivery_interfaces__rosidl_generator_cExport.cmake
[10.212s] -- Installing: /home/yoga7i/engr4200-termproject/install/delivery_interfaces/share/delivery_interfaces/cmake/export_delivery_interfaces__rosidl_generator_cExport-noconfig.cmake
[10.213s] -- Installing: /home/yoga7i/engr4200-termproject/install/delivery_interfaces/share/delivery_interfaces/cmake/export_delivery_interfaces__rosidl_typesupport_fastrtps_cExport.cmake
[10.213s] -- Installing: /home/yoga7i/engr4200-termproject/install/delivery_interfaces/share/delivery_interfaces/cmake/export_delivery_interfaces__rosidl_typesupport_fastrtps_cExport-noconfig.cmake
[10.214s] -- Installing: /home/yoga7i/engr4200-termproject/install/delivery_interfaces/share/delivery_interfaces/cmake/delivery_interfaces__rosidl_typesupport_introspection_cExport.cmake
[10.214s] -- Installing: /home/yoga7i/engr4200-termproject/install/delivery_interfaces/share/delivery_interfaces/cmake/delivery_interfaces__rosidl_typesupport_introspection_cExport-noconfig.cmake
[10.214s] -- Installing: /home/yoga7i/engr4200-termproject/install/delivery_interfaces/share/delivery_interfaces/cmake/delivery_interfaces__rosidl_typesupport_cExport.cmake
[10.215s] -- Installing: /home/yoga7i/engr4200-termproject/install/delivery_interfaces/share/delivery_interfaces/cmake/delivery_interfaces__rosidl_typesupport_cExport-noconfig.cmake
[10.215s] -- Installing: /home/yoga7i/engr4200-termproject/install/delivery_interfaces/share/delivery_interfaces/cmake/export_delivery_interfaces__rosidl_generator_cppExport.cmake
[10.216s] -- Installing: /home/yoga7i/engr4200-termproject/install/delivery_interfaces/share/delivery_interfaces/cmake/export_delivery_interfaces__rosidl_typesupport_fastrtps_cppExport.cmake
[10.216s] -- Installing: /home/yoga7i/engr4200-termproject/install/delivery_interfaces/share/delivery_interfaces/cmake/export_delivery_interfaces__rosidl_typesupport_fastrtps_cppExport-noconfig.cmake
[10.217s] -- Installing: /home/yoga7i/engr4200-termproject/install/delivery_interfaces/share/delivery_interfaces/cmake/delivery_interfaces__rosidl_typesupport_introspection_cppExport.cmake
[10.217s] -- Installing: /home/yoga7i/engr4200-termproject/install/delivery_interfaces/share/delivery_interfaces/cmake/delivery_interfaces__rosidl_typesupport_introspection_cppExport-noconfig.cmake
[10.217s] -- Installing: /home/yoga7i/engr4200-termproject/install/delivery_interfaces/share/delivery_interfaces/cmake/delivery_interfaces__rosidl_typesupport_cppExport.cmake
[10.217s] -- Installing: /home/yoga7i/engr4200-termproject/install/delivery_interfaces/share/delivery_interfaces/cmake/delivery_interfaces__rosidl_typesupport_cppExport-noconfig.cmake
[10.217s] -- Installing: /home/yoga7i/engr4200-termproject/install/delivery_interfaces/share/delivery_interfaces/cmake/export_delivery_interfaces__rosidl_generator_pyExport.cmake
[10.217s] -- Installing: /home/yoga7i/engr4200-termproject/install/delivery_interfaces/share/delivery_interfaces/cmake/export_delivery_interfaces__rosidl_generator_pyExport-noconfig.cmake
[10.220s] Invoked command in '/home/yoga7i/engr4200-termproject/build/delivery_interfaces' returned '0': CMAKE_PREFIX_PATH=${CMAKE_PREFIX_PATH}:/opt/ros/jazzy /usr/bin/cmake --install /home/yoga7i/engr4200-termproject/build/delivery_interfaces
