running develop
running egg_info
creating delivery_task_manager.egg-info
writing delivery_task_manager.egg-info/PKG-INFO
writing dependency_links to delivery_task_manager.egg-info/dependency_links.txt
writing entry points to delivery_task_manager.egg-info/entry_points.txt
writing requirements to delivery_task_manager.egg-info/requires.txt
writing top-level names to delivery_task_manager.egg-info/top_level.txt
writing manifest file 'delivery_task_manager.egg-info/SOURCES.txt'
reading manifest file 'delivery_task_manager.egg-info/SOURCES.txt'
writing manifest file 'delivery_task_manager.egg-info/SOURCES.txt'
running build_ext
Creating /home/yoga7i/engr4200-termproject/install/delivery_task_manager/lib/python3.12/site-packages/delivery-task-manager.egg-link (link to .)
Installing task_manager_node script to /home/yoga7i/engr4200-termproject/install/delivery_task_manager/lib/delivery_task_manager

Installed /home/yoga7i/engr4200-termproject/build/delivery_task_manager
running symlink_data
creating /home/yoga7i/engr4200-termproject/install/delivery_task_manager/share/ament_index
creating /home/yoga7i/engr4200-termproject/install/delivery_task_manager/share/ament_index/resource_index
creating /home/yoga7i/engr4200-termproject/install/delivery_task_manager/share/ament_index/resource_index/packages
symbolically linking /home/yoga7i/engr4200-termproject/build/delivery_task_manager/resource/delivery_task_manager -> /home/yoga7i/engr4200-termproject/install/delivery_task_manager/share/ament_index/resource_index/packages
symbolically linking /home/yoga7i/engr4200-termproject/build/delivery_task_manager/package.xml -> /home/yoga7i/engr4200-termproject/install/delivery_task_manager/share/delivery_task_manager
creating /home/yoga7i/engr4200-termproject/install/delivery_task_manager/share/delivery_task_manager/launch
symbolically linking /home/yoga7i/engr4200-termproject/build/delivery_task_manager/launch/task_manager.launch.py -> /home/yoga7i/engr4200-termproject/install/delivery_task_manager/share/delivery_task_manager/launch
creating /home/yoga7i/engr4200-termproject/install/delivery_task_manager/share/delivery_task_manager/config
symbolically linking /home/yoga7i/engr4200-termproject/build/delivery_task_manager/config/locations.yaml -> /home/yoga7i/engr4200-termproject/install/delivery_task_manager/share/delivery_task_manager/config
symbolically linking /home/yoga7i/engr4200-termproject/build/delivery_task_manager/config/task_params.yaml -> /home/yoga7i/engr4200-termproject/install/delivery_task_manager/share/delivery_task_manager/config
