[1.327s] Invoking command in '/home/yoga7i/engr4200-termproject/build/delivery_task_manager': AMENT_PREFIX_PATH=/home/yoga7i/engr4200-termproject/install/delivery_interfaces:${AMENT_PREFIX_PATH} CMAKE_PREFIX_PATH=/home/yoga7i/engr4200-termproject/install/delivery_interfaces:${CMAKE_PREFIX_PATH} LD_LIBRARY_PATH=/home/yoga7i/engr4200-termproject/install/delivery_interfaces/lib:${LD_LIBRARY_PATH} PYTHONPATH=/home/yoga7i/engr4200-termproject/build/delivery_task_manager/prefix_override:/usr/lib/python3/dist-packages/colcon_core/task/python/colcon_distutils_commands:/home/yoga7i/engr4200-termproject/install/delivery_task_manager/lib/python3.12/site-packages:/home/yoga7i/engr4200-termproject/install/delivery_interfaces/lib/python3.12/site-packages:${PYTHONPATH} /usr/bin/python3 -W ignore:setup.py install is deprecated -W ignore:easy_install command is deprecated setup.py develop --editable --build-directory /home/yoga7i/engr4200-termproject/build/delivery_task_manager/build --no-deps symlink_data
[1.702s] running develop
[1.935s] running egg_info
[1.936s] creating delivery_task_manager.egg-info
[2.002s] writing delivery_task_manager.egg-info/PKG-INFO
[2.002s] writing dependency_links to delivery_task_manager.egg-info/dependency_links.txt
[2.002s] writing entry points to delivery_task_manager.egg-info/entry_points.txt
[2.002s] writing requirements to delivery_task_manager.egg-info/requires.txt
[2.002s] writing top-level names to delivery_task_manager.egg-info/top_level.txt
[2.002s] writing manifest file 'delivery_task_manager.egg-info/SOURCES.txt'
[2.084s] reading manifest file 'delivery_task_manager.egg-info/SOURCES.txt'
[2.084s] writing manifest file 'delivery_task_manager.egg-info/SOURCES.txt'
[2.109s] running build_ext
[2.109s] Creating /home/yoga7i/engr4200-termproject/install/delivery_task_manager/lib/python3.12/site-packages/delivery-task-manager.egg-link (link to .)
[2.111s] Installing task_manager_node script to /home/yoga7i/engr4200-termproject/install/delivery_task_manager/lib/delivery_task_manager
[2.112s] 
[2.112s] Installed /home/yoga7i/engr4200-termproject/build/delivery_task_manager
[2.112s] running symlink_data
[2.112s] creating /home/yoga7i/engr4200-termproject/install/delivery_task_manager/share/ament_index
[2.115s] creating /home/yoga7i/engr4200-termproject/install/delivery_task_manager/share/ament_index/resource_index
[2.115s] creating /home/yoga7i/engr4200-termproject/install/delivery_task_manager/share/ament_index/resource_index/packages
[2.115s] symbolically linking /home/yoga7i/engr4200-termproject/build/delivery_task_manager/resource/delivery_task_manager -> /home/yoga7i/engr4200-termproject/install/delivery_task_manager/share/ament_index/resource_index/packages
[2.115s] symbolically linking /home/yoga7i/engr4200-termproject/build/delivery_task_manager/package.xml -> /home/yoga7i/engr4200-termproject/install/delivery_task_manager/share/delivery_task_manager
[2.115s] creating /home/yoga7i/engr4200-termproject/install/delivery_task_manager/share/delivery_task_manager/launch
[2.115s] symbolically linking /home/yoga7i/engr4200-termproject/build/delivery_task_manager/launch/task_manager.launch.py -> /home/yoga7i/engr4200-termproject/install/delivery_task_manager/share/delivery_task_manager/launch
[2.115s] creating /home/yoga7i/engr4200-termproject/install/delivery_task_manager/share/delivery_task_manager/config
[2.115s] symbolically linking /home/yoga7i/engr4200-termproject/build/delivery_task_manager/config/locations.yaml -> /home/yoga7i/engr4200-termproject/install/delivery_task_manager/share/delivery_task_manager/config
[2.116s] symbolically linking /home/yoga7i/engr4200-termproject/build/delivery_task_manager/config/task_params.yaml -> /home/yoga7i/engr4200-termproject/install/delivery_task_manager/share/delivery_task_manager/config
[2.158s] Invoked command in '/home/yoga7i/engr4200-termproject/build/delivery_task_manager' returned '0': AMENT_PREFIX_PATH=/home/yoga7i/engr4200-termproject/install/delivery_interfaces:${AMENT_PREFIX_PATH} CMAKE_PREFIX_PATH=/home/yoga7i/engr4200-termproject/install/delivery_interfaces:${CMAKE_PREFIX_PATH} LD_LIBRARY_PATH=/home/yoga7i/engr4200-termproject/install/delivery_interfaces/lib:${LD_LIBRARY_PATH} PYTHONPATH=/home/yoga7i/engr4200-termproject/build/delivery_task_manager/prefix_override:/usr/lib/python3/dist-packages/colcon_core/task/python/colcon_distutils_commands:/home/yoga7i/engr4200-termproject/install/delivery_task_manager/lib/python3.12/site-packages:/home/yoga7i/engr4200-termproject/install/delivery_interfaces/lib/python3.12/site-packages:${PYTHONPATH} /usr/bin/python3 -W ignore:setup.py install is deprecated -W ignore:easy_install command is deprecated setup.py develop --editable --build-directory /home/yoga7i/engr4200-termproject/build/delivery_task_manager/build --no-deps symlink_data
