running develop
running egg_info
creating delivery_bringup.egg-info
writing delivery_bringup.egg-info/PKG-INFO
writing dependency_links to delivery_bringup.egg-info/dependency_links.txt
writing entry points to delivery_bringup.egg-info/entry_points.txt
writing requirements to delivery_bringup.egg-info/requires.txt
writing top-level names to delivery_bringup.egg-info/top_level.txt
writing manifest file 'delivery_bringup.egg-info/SOURCES.txt'
reading manifest file 'delivery_bringup.egg-info/SOURCES.txt'
writing manifest file 'delivery_bringup.egg-info/SOURCES.txt'
running build_ext
Creating /home/yoga7i/engr4200-termproject/install/delivery_bringup/lib/python3.12/site-packages/delivery-bringup.egg-link (link to .)
Installing bringup_manager script to /home/yoga7i/engr4200-termproject/install/delivery_bringup/lib/delivery_bringup

Installed /home/yoga7i/engr4200-termproject/build/delivery_bringup
running symlink_data
creating /home/yoga7i/engr4200-termproject/install/delivery_bringup/share/ament_index
creating /home/yoga7i/engr4200-termproject/install/delivery_bringup/share/ament_index/resource_index
creating /home/yoga7i/engr4200-termproject/install/delivery_bringup/share/ament_index/resource_index/packages
symbolically linking /home/yoga7i/engr4200-termproject/build/delivery_bringup/resource/delivery_bringup -> /home/yoga7i/engr4200-termproject/install/delivery_bringup/share/ament_index/resource_index/packages
symbolically linking /home/yoga7i/engr4200-termproject/build/delivery_bringup/package.xml -> /home/yoga7i/engr4200-termproject/install/delivery_bringup/share/delivery_bringup
creating /home/yoga7i/engr4200-termproject/install/delivery_bringup/share/delivery_bringup/launch
symbolically linking /home/yoga7i/engr4200-termproject/build/delivery_bringup/launch/bringup_real.launch.py -> /home/yoga7i/engr4200-termproject/install/delivery_bringup/share/delivery_bringup/launch
symbolically linking /home/yoga7i/engr4200-termproject/build/delivery_bringup/launch/bringup_sim.launch.py -> /home/yoga7i/engr4200-termproject/install/delivery_bringup/share/delivery_bringup/launch
creating /home/yoga7i/engr4200-termproject/install/delivery_bringup/share/delivery_bringup/config
symbolically linking /home/yoga7i/engr4200-termproject/build/delivery_bringup/config/robot_description.yaml -> /home/yoga7i/engr4200-termproject/install/delivery_bringup/share/delivery_bringup/config
symbolically linking /home/yoga7i/engr4200-termproject/build/delivery_bringup/config/sensor_params.yaml -> /home/yoga7i/engr4200-termproject/install/delivery_bringup/share/delivery_bringup/config
