[1.433s] Invoking command in '/home/yoga7i/engr4200-termproject/build/delivery_bringup': PYTHONPATH=/home/yoga7i/engr4200-termproject/build/delivery_bringup/prefix_override:/usr/lib/python3/dist-packages/colcon_core/task/python/colcon_distutils_commands:/home/yoga7i/engr4200-termproject/install/delivery_bringup/lib/python3.12/site-packages:${PYTHONPATH} /usr/bin/python3 -W ignore:setup.py install is deprecated -W ignore:easy_install command is deprecated setup.py develop --editable --build-directory /home/yoga7i/engr4200-termproject/build/delivery_bringup/build --no-deps symlink_data
[1.788s] running develop
[1.964s] running egg_info
[1.964s] creating delivery_bringup.egg-info
[1.986s] writing delivery_bringup.egg-info/PKG-INFO
[1.986s] writing dependency_links to delivery_bringup.egg-info/dependency_links.txt
[1.986s] writing entry points to delivery_bringup.egg-info/entry_points.txt
[1.987s] writing requirements to delivery_bringup.egg-info/requires.txt
[1.987s] writing top-level names to delivery_bringup.egg-info/top_level.txt
[1.987s] writing manifest file 'delivery_bringup.egg-info/SOURCES.txt'
[2.023s] reading manifest file 'delivery_bringup.egg-info/SOURCES.txt'
[2.023s] writing manifest file 'delivery_bringup.egg-info/SOURCES.txt'
[2.042s] running build_ext
[2.042s] Creating /home/yoga7i/engr4200-termproject/install/delivery_bringup/lib/python3.12/site-packages/delivery-bringup.egg-link (link to .)
[2.042s] Installing bringup_manager script to /home/yoga7i/engr4200-termproject/install/delivery_bringup/lib/delivery_bringup
[2.043s] 
[2.043s] Installed /home/yoga7i/engr4200-termproject/build/delivery_bringup
[2.043s] running symlink_data
[2.044s] creating /home/yoga7i/engr4200-termproject/install/delivery_bringup/share/ament_index
[2.045s] creating /home/yoga7i/engr4200-termproject/install/delivery_bringup/share/ament_index/resource_index
[2.045s] creating /home/yoga7i/engr4200-termproject/install/delivery_bringup/share/ament_index/resource_index/packages
[2.045s] symbolically linking /home/yoga7i/engr4200-termproject/build/delivery_bringup/resource/delivery_bringup -> /home/yoga7i/engr4200-termproject/install/delivery_bringup/share/ament_index/resource_index/packages
[2.046s] symbolically linking /home/yoga7i/engr4200-termproject/build/delivery_bringup/package.xml -> /home/yoga7i/engr4200-termproject/install/delivery_bringup/share/delivery_bringup
[2.046s] creating /home/yoga7i/engr4200-termproject/install/delivery_bringup/share/delivery_bringup/launch
[2.047s] symbolically linking /home/yoga7i/engr4200-termproject/build/delivery_bringup/launch/bringup_real.launch.py -> /home/yoga7i/engr4200-termproject/install/delivery_bringup/share/delivery_bringup/launch
[2.047s] symbolically linking /home/yoga7i/engr4200-termproject/build/delivery_bringup/launch/bringup_sim.launch.py -> /home/yoga7i/engr4200-termproject/install/delivery_bringup/share/delivery_bringup/launch
[2.048s] creating /home/yoga7i/engr4200-termproject/install/delivery_bringup/share/delivery_bringup/config
[2.049s] symbolically linking /home/yoga7i/engr4200-termproject/build/delivery_bringup/config/robot_description.yaml -> /home/yoga7i/engr4200-termproject/install/delivery_bringup/share/delivery_bringup/config
[2.049s] symbolically linking /home/yoga7i/engr4200-termproject/build/delivery_bringup/config/sensor_params.yaml -> /home/yoga7i/engr4200-termproject/install/delivery_bringup/share/delivery_bringup/config
[2.089s] Invoked command in '/home/yoga7i/engr4200-termproject/build/delivery_bringup' returned '0': PYTHONPATH=/home/yoga7i/engr4200-termproject/build/delivery_bringup/prefix_override:/usr/lib/python3/dist-packages/colcon_core/task/python/colcon_distutils_commands:/home/yoga7i/engr4200-termproject/install/delivery_bringup/lib/python3.12/site-packages:${PYTHONPATH} /usr/bin/python3 -W ignore:setup.py install is deprecated -W ignore:easy_install command is deprecated setup.py develop --editable --build-directory /home/yoga7i/engr4200-termproject/build/delivery_bringup/build --no-deps symlink_data
