[0.696s] DEBUG:colcon:Command line arguments: ['/usr/bin/colcon', 'build', '--symlink-install']
[0.697s] DEBUG:colcon:Parsed command line arguments: Namespace(log_base=None, log_level=None, verb_name='build', build_base='build', install_base='install', merge_install=False, symlink_install=True, test_result_base=None, continue_on_error=False, executor='parallel', parallel_workers=14, event_handlers=None, ignore_user_meta=False, metas=['./colcon.meta'], base_paths=['.'], packages_ignore=None, packages_ignore_regex=None, paths=None, packages_up_to=None, packages_up_to_regex=None, packages_above=None, packages_above_and_dependencies=None, packages_above_depth=None, packages_select_by_dep=None, packages_skip_by_dep=None, packages_skip_up_to=None, packages_select_build_failed=False, packages_skip_build_finished=False, packages_select_test_failures=False, packages_skip_test_passed=False, packages_select=None, packages_skip=None, packages_select_regex=None, packages_skip_regex=None, packages_start=None, packages_end=None, allow_overriding=[], cmake_args=None, cmake_target=None, cmake_target_skip_unavailable=False, cmake_clean_cache=False, cmake_clean_first=False, cmake_force_configure=False, ament_cmake_args=None, catkin_cmake_args=None, catkin_skip_building_tests=False, mixin_files=None, mixin=None, verb_parser=<colcon_mixin.mixin.mixin_argument.MixinArgumentDecorator object at 0x7f5193a1eab0>, verb_extension=<colcon_core.verb.build.BuildVerb object at 0x7f5193bc6870>, main=<bound method BuildVerb.main of <colcon_core.verb.build.BuildVerb object at 0x7f5193bc6870>>, mixin_verb=('build',))
[0.807s] Level 1:colcon.colcon_core.package_discovery:discover_packages(colcon_meta) check parameters
[0.807s] Level 1:colcon.colcon_core.package_discovery:discover_packages(recursive) check parameters
[0.807s] Level 1:colcon.colcon_core.package_discovery:discover_packages(ignore) check parameters
[0.807s] Level 1:colcon.colcon_core.package_discovery:discover_packages(path) check parameters
[0.807s] Level 1:colcon.colcon_core.package_discovery:discover_packages(colcon_meta) discover
[0.807s] Level 1:colcon.colcon_core.package_discovery:discover_packages(recursive) discover
[0.807s] INFO:colcon.colcon_core.package_discovery:Crawling recursively for packages in '/home/yoga7i/engr4200-termproject'
[0.807s] Level 1:colcon.colcon_core.package_identification:_identify(.) by extensions ['ignore', 'ignore_ament_install']
[0.808s] Level 1:colcon.colcon_core.package_identification:_identify(.) by extension 'ignore'
[0.808s] Level 1:colcon.colcon_core.package_identification:_identify(.) by extension 'ignore_ament_install'
[0.808s] Level 1:colcon.colcon_core.package_identification:_identify(.) by extensions ['colcon_pkg']
[0.808s] Level 1:colcon.colcon_core.package_identification:_identify(.) by extension 'colcon_pkg'
[0.808s] Level 1:colcon.colcon_core.package_identification:_identify(.) by extensions ['colcon_meta']
[0.808s] Level 1:colcon.colcon_core.package_identification:_identify(.) by extension 'colcon_meta'
[0.808s] Level 1:colcon.colcon_core.package_identification:_identify(.) by extensions ['ros']
[0.808s] Level 1:colcon.colcon_core.package_identification:_identify(.) by extension 'ros'
[0.845s] Level 1:colcon.colcon_core.package_identification:_identify(.) by extensions ['cmake', 'python']
[0.845s] Level 1:colcon.colcon_core.package_identification:_identify(.) by extension 'cmake'
[0.845s] Level 1:colcon.colcon_core.package_identification:_identify(.) by extension 'python'
[0.845s] Level 1:colcon.colcon_core.package_identification:_identify(.) by extensions ['python_setup_py']
[0.845s] Level 1:colcon.colcon_core.package_identification:_identify(.) by extension 'python_setup_py'
[0.846s] Level 1:colcon.colcon_core.package_identification:_identify(build) by extensions ['ignore', 'ignore_ament_install']
[0.846s] Level 1:colcon.colcon_core.package_identification:_identify(build) by extension 'ignore'
[0.846s] Level 1:colcon.colcon_core.package_identification:_identify(build) ignored
[0.846s] Level 1:colcon.colcon_core.package_identification:_identify(install) by extensions ['ignore', 'ignore_ament_install']
[0.846s] Level 1:colcon.colcon_core.package_identification:_identify(install) by extension 'ignore'
[0.846s] Level 1:colcon.colcon_core.package_identification:_identify(install) ignored
[0.846s] Level 1:colcon.colcon_core.package_identification:_identify(log) by extensions ['ignore', 'ignore_ament_install']
[0.846s] Level 1:colcon.colcon_core.package_identification:_identify(log) by extension 'ignore'
[0.846s] Level 1:colcon.colcon_core.package_identification:_identify(log) ignored
[0.846s] Level 1:colcon.colcon_core.package_identification:_identify(src) by extensions ['ignore', 'ignore_ament_install']
[0.846s] Level 1:colcon.colcon_core.package_identification:_identify(src) by extension 'ignore'
[0.846s] Level 1:colcon.colcon_core.package_identification:_identify(src) by extension 'ignore_ament_install'
[0.846s] Level 1:colcon.colcon_core.package_identification:_identify(src) by extensions ['colcon_pkg']
[0.846s] Level 1:colcon.colcon_core.package_identification:_identify(src) by extension 'colcon_pkg'
[0.846s] Level 1:colcon.colcon_core.package_identification:_identify(src) by extensions ['colcon_meta']
[0.846s] Level 1:colcon.colcon_core.package_identification:_identify(src) by extension 'colcon_meta'
[0.846s] Level 1:colcon.colcon_core.package_identification:_identify(src) by extensions ['ros']
[0.846s] Level 1:colcon.colcon_core.package_identification:_identify(src) by extension 'ros'
[0.847s] Level 1:colcon.colcon_core.package_identification:_identify(src) by extensions ['cmake', 'python']
[0.847s] Level 1:colcon.colcon_core.package_identification:_identify(src) by extension 'cmake'
[0.847s] Level 1:colcon.colcon_core.package_identification:_identify(src) by extension 'python'
[0.847s] Level 1:colcon.colcon_core.package_identification:_identify(src) by extensions ['python_setup_py']
[0.848s] Level 1:colcon.colcon_core.package_identification:_identify(src) by extension 'python_setup_py'
[0.848s] Level 1:colcon.colcon_core.package_identification:_identify(src/delivery_bringup) by extensions ['ignore', 'ignore_ament_install']
[0.848s] Level 1:colcon.colcon_core.package_identification:_identify(src/delivery_bringup) by extension 'ignore'
[0.848s] Level 1:colcon.colcon_core.package_identification:_identify(src/delivery_bringup) by extension 'ignore_ament_install'
[0.848s] Level 1:colcon.colcon_core.package_identification:_identify(src/delivery_bringup) by extensions ['colcon_pkg']
[0.848s] Level 1:colcon.colcon_core.package_identification:_identify(src/delivery_bringup) by extension 'colcon_pkg'
[0.848s] Level 1:colcon.colcon_core.package_identification:_identify(src/delivery_bringup) by extensions ['colcon_meta']
[0.848s] Level 1:colcon.colcon_core.package_identification:_identify(src/delivery_bringup) by extension 'colcon_meta'
[0.848s] Level 1:colcon.colcon_core.package_identification:_identify(src/delivery_bringup) by extensions ['ros']
[0.848s] Level 1:colcon.colcon_core.package_identification:_identify(src/delivery_bringup) by extension 'ros'
[0.856s] DEBUG:colcon.colcon_core.package_identification:Package 'src/delivery_bringup' with type 'ros.ament_python' and name 'delivery_bringup'
[0.856s] Level 1:colcon.colcon_core.package_identification:_identify(src/delivery_interfaces) by extensions ['ignore', 'ignore_ament_install']
[0.856s] Level 1:colcon.colcon_core.package_identification:_identify(src/delivery_interfaces) by extension 'ignore'
[0.857s] Level 1:colcon.colcon_core.package_identification:_identify(src/delivery_interfaces) by extension 'ignore_ament_install'
[0.857s] Level 1:colcon.colcon_core.package_identification:_identify(src/delivery_interfaces) by extensions ['colcon_pkg']
[0.857s] Level 1:colcon.colcon_core.package_identification:_identify(src/delivery_interfaces) by extension 'colcon_pkg'
[0.857s] Level 1:colcon.colcon_core.package_identification:_identify(src/delivery_interfaces) by extensions ['colcon_meta']
[0.857s] Level 1:colcon.colcon_core.package_identification:_identify(src/delivery_interfaces) by extension 'colcon_meta'
[0.857s] Level 1:colcon.colcon_core.package_identification:_identify(src/delivery_interfaces) by extensions ['ros']
[0.857s] Level 1:colcon.colcon_core.package_identification:_identify(src/delivery_interfaces) by extension 'ros'
[0.858s] DEBUG:colcon.colcon_core.package_identification:Package 'src/delivery_interfaces' with type 'ros.ament_cmake' and name 'delivery_interfaces'
[0.858s] Level 1:colcon.colcon_core.package_identification:_identify(src/delivery_manipulator) by extensions ['ignore', 'ignore_ament_install']
[0.858s] Level 1:colcon.colcon_core.package_identification:_identify(src/delivery_manipulator) by extension 'ignore'
[0.858s] Level 1:colcon.colcon_core.package_identification:_identify(src/delivery_manipulator) by extension 'ignore_ament_install'
[0.858s] Level 1:colcon.colcon_core.package_identification:_identify(src/delivery_manipulator) by extensions ['colcon_pkg']
[0.858s] Level 1:colcon.colcon_core.package_identification:_identify(src/delivery_manipulator) by extension 'colcon_pkg'
[0.858s] Level 1:colcon.colcon_core.package_identification:_identify(src/delivery_manipulator) by extensions ['colcon_meta']
[0.858s] Level 1:colcon.colcon_core.package_identification:_identify(src/delivery_manipulator) by extension 'colcon_meta'
[0.858s] Level 1:colcon.colcon_core.package_identification:_identify(src/delivery_manipulator) by extensions ['ros']
[0.858s] Level 1:colcon.colcon_core.package_identification:_identify(src/delivery_manipulator) by extension 'ros'
[0.859s] DEBUG:colcon.colcon_core.package_identification:Package 'src/delivery_manipulator' with type 'ros.ament_python' and name 'delivery_manipulator'
[0.859s] Level 1:colcon.colcon_core.package_identification:_identify(src/delivery_mapping_nav) by extensions ['ignore', 'ignore_ament_install']
[0.859s] Level 1:colcon.colcon_core.package_identification:_identify(src/delivery_mapping_nav) by extension 'ignore'
[0.860s] Level 1:colcon.colcon_core.package_identification:_identify(src/delivery_mapping_nav) by extension 'ignore_ament_install'
[0.860s] Level 1:colcon.colcon_core.package_identification:_identify(src/delivery_mapping_nav) by extensions ['colcon_pkg']
[0.860s] Level 1:colcon.colcon_core.package_identification:_identify(src/delivery_mapping_nav) by extension 'colcon_pkg'
[0.860s] Level 1:colcon.colcon_core.package_identification:_identify(src/delivery_mapping_nav) by extensions ['colcon_meta']
[0.860s] Level 1:colcon.colcon_core.package_identification:_identify(src/delivery_mapping_nav) by extension 'colcon_meta'
[0.860s] Level 1:colcon.colcon_core.package_identification:_identify(src/delivery_mapping_nav) by extensions ['ros']
[0.860s] Level 1:colcon.colcon_core.package_identification:_identify(src/delivery_mapping_nav) by extension 'ros'
[0.861s] DEBUG:colcon.colcon_core.package_identification:Package 'src/delivery_mapping_nav' with type 'ros.ament_python' and name 'delivery_mapping_nav'
[0.861s] Level 1:colcon.colcon_core.package_identification:_identify(src/delivery_task_manager) by extensions ['ignore', 'ignore_ament_install']
[0.861s] Level 1:colcon.colcon_core.package_identification:_identify(src/delivery_task_manager) by extension 'ignore'
[0.861s] Level 1:colcon.colcon_core.package_identification:_identify(src/delivery_task_manager) by extension 'ignore_ament_install'
[0.861s] Level 1:colcon.colcon_core.package_identification:_identify(src/delivery_task_manager) by extensions ['colcon_pkg']
[0.861s] Level 1:colcon.colcon_core.package_identification:_identify(src/delivery_task_manager) by extension 'colcon_pkg'
[0.861s] Level 1:colcon.colcon_core.package_identification:_identify(src/delivery_task_manager) by extensions ['colcon_meta']
[0.861s] Level 1:colcon.colcon_core.package_identification:_identify(src/delivery_task_manager) by extension 'colcon_meta'
[0.861s] Level 1:colcon.colcon_core.package_identification:_identify(src/delivery_task_manager) by extensions ['ros']
[0.861s] Level 1:colcon.colcon_core.package_identification:_identify(src/delivery_task_manager) by extension 'ros'
[0.863s] DEBUG:colcon.colcon_core.package_identification:Package 'src/delivery_task_manager' with type 'ros.ament_python' and name 'delivery_task_manager'
[0.863s] Level 1:colcon.colcon_core.package_identification:_identify(src/delivery_vision_scanner) by extensions ['ignore', 'ignore_ament_install']
[0.863s] Level 1:colcon.colcon_core.package_identification:_identify(src/delivery_vision_scanner) by extension 'ignore'
[0.863s] Level 1:colcon.colcon_core.package_identification:_identify(src/delivery_vision_scanner) by extension 'ignore_ament_install'
[0.863s] Level 1:colcon.colcon_core.package_identification:_identify(src/delivery_vision_scanner) by extensions ['colcon_pkg']
[0.863s] Level 1:colcon.colcon_core.package_identification:_identify(src/delivery_vision_scanner) by extension 'colcon_pkg'
[0.863s] Level 1:colcon.colcon_core.package_identification:_identify(src/delivery_vision_scanner) by extensions ['colcon_meta']
[0.863s] Level 1:colcon.colcon_core.package_identification:_identify(src/delivery_vision_scanner) by extension 'colcon_meta'
[0.863s] Level 1:colcon.colcon_core.package_identification:_identify(src/delivery_vision_scanner) by extensions ['ros']
[0.863s] Level 1:colcon.colcon_core.package_identification:_identify(src/delivery_vision_scanner) by extension 'ros'
[0.864s] DEBUG:colcon.colcon_core.package_identification:Package 'src/delivery_vision_scanner' with type 'ros.ament_python' and name 'delivery_vision_scanner'
[0.864s] Level 1:colcon.colcon_core.package_discovery:discover_packages(recursive) using defaults
[0.864s] Level 1:colcon.colcon_core.package_discovery:discover_packages(ignore) discover
[0.864s] Level 1:colcon.colcon_core.package_discovery:discover_packages(ignore) using defaults
[0.864s] Level 1:colcon.colcon_core.package_discovery:discover_packages(path) discover
[0.864s] Level 1:colcon.colcon_core.package_discovery:discover_packages(path) using defaults
[0.894s] Level 1:colcon.colcon_core.package_discovery:discover_packages(prefix_path) check parameters
[0.894s] Level 1:colcon.colcon_core.package_discovery:discover_packages(prefix_path) discover
[0.898s] DEBUG:colcon.colcon_installed_package_information.package_discovery:Found 475 installed packages in /opt/ros/jazzy
[0.900s] Level 1:colcon.colcon_core.package_discovery:discover_packages(prefix_path) using defaults
[0.961s] Level 5:colcon.colcon_core.verb:set package 'delivery_bringup' build argument 'cmake_args' from command line to 'None'
[0.961s] Level 5:colcon.colcon_core.verb:set package 'delivery_bringup' build argument 'cmake_target' from command line to 'None'
[0.961s] Level 5:colcon.colcon_core.verb:set package 'delivery_bringup' build argument 'cmake_target_skip_unavailable' from command line to 'False'
[0.961s] Level 5:colcon.colcon_core.verb:set package 'delivery_bringup' build argument 'cmake_clean_cache' from command line to 'False'
[0.961s] Level 5:colcon.colcon_core.verb:set package 'delivery_bringup' build argument 'cmake_clean_first' from command line to 'False'
[0.961s] Level 5:colcon.colcon_core.verb:set package 'delivery_bringup' build argument 'cmake_force_configure' from command line to 'False'
[0.961s] Level 5:colcon.colcon_core.verb:set package 'delivery_bringup' build argument 'ament_cmake_args' from command line to 'None'
[0.961s] Level 5:colcon.colcon_core.verb:set package 'delivery_bringup' build argument 'catkin_cmake_args' from command line to 'None'
[0.961s] Level 5:colcon.colcon_core.verb:set package 'delivery_bringup' build argument 'catkin_skip_building_tests' from command line to 'False'
[0.961s] DEBUG:colcon.colcon_core.verb:Building package 'delivery_bringup' with the following arguments: {'ament_cmake_args': None, 'build_base': '/home/yoga7i/engr4200-termproject/build/delivery_bringup', 'catkin_cmake_args': None, 'catkin_skip_building_tests': False, 'cmake_args': None, 'cmake_clean_cache': False, 'cmake_clean_first': False, 'cmake_force_configure': False, 'cmake_target': None, 'cmake_target_skip_unavailable': False, 'install_base': '/home/yoga7i/engr4200-termproject/install/delivery_bringup', 'merge_install': False, 'path': '/home/yoga7i/engr4200-termproject/src/delivery_bringup', 'symlink_install': True, 'test_result_base': None}
[0.961s] Level 5:colcon.colcon_core.verb:set package 'delivery_interfaces' build argument 'cmake_args' from command line to 'None'
[0.961s] Level 5:colcon.colcon_core.verb:set package 'delivery_interfaces' build argument 'cmake_target' from command line to 'None'
[0.961s] Level 5:colcon.colcon_core.verb:set package 'delivery_interfaces' build argument 'cmake_target_skip_unavailable' from command line to 'False'
[0.961s] Level 5:colcon.colcon_core.verb:set package 'delivery_interfaces' build argument 'cmake_clean_cache' from command line to 'False'
[0.961s] Level 5:colcon.colcon_core.verb:set package 'delivery_interfaces' build argument 'cmake_clean_first' from command line to 'False'
[0.961s] Level 5:colcon.colcon_core.verb:set package 'delivery_interfaces' build argument 'cmake_force_configure' from command line to 'False'
[0.961s] Level 5:colcon.colcon_core.verb:set package 'delivery_interfaces' build argument 'ament_cmake_args' from command line to 'None'
[0.961s] Level 5:colcon.colcon_core.verb:set package 'delivery_interfaces' build argument 'catkin_cmake_args' from command line to 'None'
[0.961s] Level 5:colcon.colcon_core.verb:set package 'delivery_interfaces' build argument 'catkin_skip_building_tests' from command line to 'False'
[0.961s] DEBUG:colcon.colcon_core.verb:Building package 'delivery_interfaces' with the following arguments: {'ament_cmake_args': None, 'build_base': '/home/yoga7i/engr4200-termproject/build/delivery_interfaces', 'catkin_cmake_args': None, 'catkin_skip_building_tests': False, 'cmake_args': None, 'cmake_clean_cache': False, 'cmake_clean_first': False, 'cmake_force_configure': False, 'cmake_target': None, 'cmake_target_skip_unavailable': False, 'install_base': '/home/yoga7i/engr4200-termproject/install/delivery_interfaces', 'merge_install': False, 'path': '/home/yoga7i/engr4200-termproject/src/delivery_interfaces', 'symlink_install': True, 'test_result_base': None}
[0.962s] Level 5:colcon.colcon_core.verb:set package 'delivery_mapping_nav' build argument 'cmake_args' from command line to 'None'
[0.962s] Level 5:colcon.colcon_core.verb:set package 'delivery_mapping_nav' build argument 'cmake_target' from command line to 'None'
[0.962s] Level 5:colcon.colcon_core.verb:set package 'delivery_mapping_nav' build argument 'cmake_target_skip_unavailable' from command line to 'False'
[0.962s] Level 5:colcon.colcon_core.verb:set package 'delivery_mapping_nav' build argument 'cmake_clean_cache' from command line to 'False'
[0.962s] Level 5:colcon.colcon_core.verb:set package 'delivery_mapping_nav' build argument 'cmake_clean_first' from command line to 'False'
[0.962s] Level 5:colcon.colcon_core.verb:set package 'delivery_mapping_nav' build argument 'cmake_force_configure' from command line to 'False'
[0.962s] Level 5:colcon.colcon_core.verb:set package 'delivery_mapping_nav' build argument 'ament_cmake_args' from command line to 'None'
[0.962s] Level 5:colcon.colcon_core.verb:set package 'delivery_mapping_nav' build argument 'catkin_cmake_args' from command line to 'None'
[0.962s] Level 5:colcon.colcon_core.verb:set package 'delivery_mapping_nav' build argument 'catkin_skip_building_tests' from command line to 'False'
[0.962s] DEBUG:colcon.colcon_core.verb:Building package 'delivery_mapping_nav' with the following arguments: {'ament_cmake_args': None, 'build_base': '/home/yoga7i/engr4200-termproject/build/delivery_mapping_nav', 'catkin_cmake_args': None, 'catkin_skip_building_tests': False, 'cmake_args': None, 'cmake_clean_cache': False, 'cmake_clean_first': False, 'cmake_force_configure': False, 'cmake_target': None, 'cmake_target_skip_unavailable': False, 'install_base': '/home/yoga7i/engr4200-termproject/install/delivery_mapping_nav', 'merge_install': False, 'path': '/home/yoga7i/engr4200-termproject/src/delivery_mapping_nav', 'symlink_install': True, 'test_result_base': None}
[0.962s] Level 5:colcon.colcon_core.verb:set package 'delivery_manipulator' build argument 'cmake_args' from command line to 'None'
[0.962s] Level 5:colcon.colcon_core.verb:set package 'delivery_manipulator' build argument 'cmake_target' from command line to 'None'
[0.962s] Level 5:colcon.colcon_core.verb:set package 'delivery_manipulator' build argument 'cmake_target_skip_unavailable' from command line to 'False'
[0.962s] Level 5:colcon.colcon_core.verb:set package 'delivery_manipulator' build argument 'cmake_clean_cache' from command line to 'False'
[0.962s] Level 5:colcon.colcon_core.verb:set package 'delivery_manipulator' build argument 'cmake_clean_first' from command line to 'False'
[0.962s] Level 5:colcon.colcon_core.verb:set package 'delivery_manipulator' build argument 'cmake_force_configure' from command line to 'False'
[0.962s] Level 5:colcon.colcon_core.verb:set package 'delivery_manipulator' build argument 'ament_cmake_args' from command line to 'None'
[0.962s] Level 5:colcon.colcon_core.verb:set package 'delivery_manipulator' build argument 'catkin_cmake_args' from command line to 'None'
[0.962s] Level 5:colcon.colcon_core.verb:set package 'delivery_manipulator' build argument 'catkin_skip_building_tests' from command line to 'False'
[0.962s] DEBUG:colcon.colcon_core.verb:Building package 'delivery_manipulator' with the following arguments: {'ament_cmake_args': None, 'build_base': '/home/yoga7i/engr4200-termproject/build/delivery_manipulator', 'catkin_cmake_args': None, 'catkin_skip_building_tests': False, 'cmake_args': None, 'cmake_clean_cache': False, 'cmake_clean_first': False, 'cmake_force_configure': False, 'cmake_target': None, 'cmake_target_skip_unavailable': False, 'install_base': '/home/yoga7i/engr4200-termproject/install/delivery_manipulator', 'merge_install': False, 'path': '/home/yoga7i/engr4200-termproject/src/delivery_manipulator', 'symlink_install': True, 'test_result_base': None}
[0.962s] Level 5:colcon.colcon_core.verb:set package 'delivery_task_manager' build argument 'cmake_args' from command line to 'None'
[0.962s] Level 5:colcon.colcon_core.verb:set package 'delivery_task_manager' build argument 'cmake_target' from command line to 'None'
[0.962s] Level 5:colcon.colcon_core.verb:set package 'delivery_task_manager' build argument 'cmake_target_skip_unavailable' from command line to 'False'
[0.962s] Level 5:colcon.colcon_core.verb:set package 'delivery_task_manager' build argument 'cmake_clean_cache' from command line to 'False'
[0.962s] Level 5:colcon.colcon_core.verb:set package 'delivery_task_manager' build argument 'cmake_clean_first' from command line to 'False'
[0.962s] Level 5:colcon.colcon_core.verb:set package 'delivery_task_manager' build argument 'cmake_force_configure' from command line to 'False'
[0.962s] Level 5:colcon.colcon_core.verb:set package 'delivery_task_manager' build argument 'ament_cmake_args' from command line to 'None'
[0.962s] Level 5:colcon.colcon_core.verb:set package 'delivery_task_manager' build argument 'catkin_cmake_args' from command line to 'None'
[0.962s] Level 5:colcon.colcon_core.verb:set package 'delivery_task_manager' build argument 'catkin_skip_building_tests' from command line to 'False'
[0.962s] DEBUG:colcon.colcon_core.verb:Building package 'delivery_task_manager' with the following arguments: {'ament_cmake_args': None, 'build_base': '/home/yoga7i/engr4200-termproject/build/delivery_task_manager', 'catkin_cmake_args': None, 'catkin_skip_building_tests': False, 'cmake_args': None, 'cmake_clean_cache': False, 'cmake_clean_first': False, 'cmake_force_configure': False, 'cmake_target': None, 'cmake_target_skip_unavailable': False, 'install_base': '/home/yoga7i/engr4200-termproject/install/delivery_task_manager', 'merge_install': False, 'path': '/home/yoga7i/engr4200-termproject/src/delivery_task_manager', 'symlink_install': True, 'test_result_base': None}
[0.962s] Level 5:colcon.colcon_core.verb:set package 'delivery_vision_scanner' build argument 'cmake_args' from command line to 'None'
[0.963s] Level 5:colcon.colcon_core.verb:set package 'delivery_vision_scanner' build argument 'cmake_target' from command line to 'None'
[0.963s] Level 5:colcon.colcon_core.verb:set package 'delivery_vision_scanner' build argument 'cmake_target_skip_unavailable' from command line to 'False'
[0.963s] Level 5:colcon.colcon_core.verb:set package 'delivery_vision_scanner' build argument 'cmake_clean_cache' from command line to 'False'
[0.963s] Level 5:colcon.colcon_core.verb:set package 'delivery_vision_scanner' build argument 'cmake_clean_first' from command line to 'False'
[0.963s] Level 5:colcon.colcon_core.verb:set package 'delivery_vision_scanner' build argument 'cmake_force_configure' from command line to 'False'
[0.963s] Level 5:colcon.colcon_core.verb:set package 'delivery_vision_scanner' build argument 'ament_cmake_args' from command line to 'None'
[0.963s] Level 5:colcon.colcon_core.verb:set package 'delivery_vision_scanner' build argument 'catkin_cmake_args' from command line to 'None'
[0.963s] Level 5:colcon.colcon_core.verb:set package 'delivery_vision_scanner' build argument 'catkin_skip_building_tests' from command line to 'False'
[0.963s] DEBUG:colcon.colcon_core.verb:Building package 'delivery_vision_scanner' with the following arguments: {'ament_cmake_args': None, 'build_base': '/home/yoga7i/engr4200-termproject/build/delivery_vision_scanner', 'catkin_cmake_args': None, 'catkin_skip_building_tests': False, 'cmake_args': None, 'cmake_clean_cache': False, 'cmake_clean_first': False, 'cmake_force_configure': False, 'cmake_target': None, 'cmake_target_skip_unavailable': False, 'install_base': '/home/yoga7i/engr4200-termproject/install/delivery_vision_scanner', 'merge_install': False, 'path': '/home/yoga7i/engr4200-termproject/src/delivery_vision_scanner', 'symlink_install': True, 'test_result_base': None}
[0.963s] INFO:colcon.colcon_core.executor:Executing jobs using 'parallel' executor
[0.964s] DEBUG:colcon.colcon_parallel_executor.executor.parallel:run_until_complete
[0.965s] INFO:colcon.colcon_ros.task.ament_cmake.build:Building ROS package in '/home/yoga7i/engr4200-termproject/src/delivery_interfaces' with build type 'ament_cmake'
[0.965s] INFO:colcon.colcon_cmake.task.cmake.build:Building CMake package in '/home/yoga7i/engr4200-termproject/src/delivery_interfaces'
[0.971s] INFO:colcon.colcon_core.plugin_system:Skipping extension 'colcon_core.shell.bat': Not used on non-Windows systems
[0.971s] INFO:colcon.colcon_core.shell:Skip shell extension 'powershell' for command environment: Not usable outside of PowerShell
[0.971s] DEBUG:colcon.colcon_core.shell:Skip shell extension 'dsv' for command environment
[0.976s] INFO:colcon.colcon_ros.task.ament_python.build:Building ROS package in '/home/yoga7i/engr4200-termproject/src/delivery_bringup' with build type 'ament_python'
[0.976s] Level 1:colcon.colcon_core.shell:create_environment_hook('delivery_bringup', 'ament_prefix_path')
[0.976s] INFO:colcon.colcon_core.shell:Creating environment hook '/home/yoga7i/engr4200-termproject/install/delivery_bringup/share/delivery_bringup/hook/ament_prefix_path.ps1'
[0.978s] INFO:colcon.colcon_core.shell:Creating environment descriptor '/home/yoga7i/engr4200-termproject/install/delivery_bringup/share/delivery_bringup/hook/ament_prefix_path.dsv'
[0.979s] INFO:colcon.colcon_core.shell:Creating environment hook '/home/yoga7i/engr4200-termproject/install/delivery_bringup/share/delivery_bringup/hook/ament_prefix_path.sh'
[0.979s] INFO:colcon.colcon_core.shell:Skip shell extension 'powershell' for command environment: Not usable outside of PowerShell
[0.979s] DEBUG:colcon.colcon_core.shell:Skip shell extension 'dsv' for command environment
[0.982s] INFO:colcon.colcon_ros.task.ament_python.build:Building ROS package in '/home/yoga7i/engr4200-termproject/src/delivery_mapping_nav' with build type 'ament_python'
[0.982s] Level 1:colcon.colcon_core.shell:create_environment_hook('delivery_mapping_nav', 'ament_prefix_path')
[0.983s] INFO:colcon.colcon_core.shell:Creating environment hook '/home/yoga7i/engr4200-termproject/install/delivery_mapping_nav/share/delivery_mapping_nav/hook/ament_prefix_path.ps1'
[0.985s] INFO:colcon.colcon_core.shell:Creating environment descriptor '/home/yoga7i/engr4200-termproject/install/delivery_mapping_nav/share/delivery_mapping_nav/hook/ament_prefix_path.dsv'
[0.985s] INFO:colcon.colcon_core.shell:Creating environment hook '/home/yoga7i/engr4200-termproject/install/delivery_mapping_nav/share/delivery_mapping_nav/hook/ament_prefix_path.sh'
[0.986s] INFO:colcon.colcon_core.shell:Skip shell extension 'powershell' for command environment: Not usable outside of PowerShell
[0.986s] DEBUG:colcon.colcon_core.shell:Skip shell extension 'dsv' for command environment
[0.995s] DEBUG:colcon.colcon_core.event_handler.log_command:Invoking command in '/home/yoga7i/engr4200-termproject/build/delivery_interfaces': CMAKE_PREFIX_PATH=${CMAKE_PREFIX_PATH}:/opt/ros/jazzy /usr/bin/cmake /home/yoga7i/engr4200-termproject/src/delivery_interfaces -DAMENT_CMAKE_SYMLINK_INSTALL=1 -DCMAKE_INSTALL_PREFIX=/home/yoga7i/engr4200-termproject/install/delivery_interfaces
[1.177s] INFO:colcon.colcon_core.task.python.build:Building Python package in '/home/yoga7i/engr4200-termproject/src/delivery_bringup'
[1.178s] INFO:colcon.colcon_core.shell:Skip shell extension 'powershell' for command environment: Not usable outside of PowerShell
[1.178s] DEBUG:colcon.colcon_core.shell:Skip shell extension 'dsv' for command environment
[1.380s] INFO:colcon.colcon_core.task.python.build:Building Python package in '/home/yoga7i/engr4200-termproject/src/delivery_mapping_nav'
[1.381s] INFO:colcon.colcon_core.shell:Skip shell extension 'powershell' for command environment: Not usable outside of PowerShell
[1.381s] DEBUG:colcon.colcon_core.shell:Skip shell extension 'dsv' for command environment
[2.410s] DEBUG:colcon.colcon_core.event_handler.log_command:Invoking command in '/home/yoga7i/engr4200-termproject/build/delivery_bringup': PYTHONPATH=/home/yoga7i/engr4200-termproject/build/delivery_bringup/prefix_override:/usr/lib/python3/dist-packages/colcon_core/task/python/colcon_distutils_commands:/home/yoga7i/engr4200-termproject/install/delivery_bringup/lib/python3.12/site-packages:${PYTHONPATH} /usr/bin/python3 -W ignore:setup.py install is deprecated -W ignore:easy_install command is deprecated setup.py develop --editable --build-directory /home/yoga7i/engr4200-termproject/build/delivery_bringup/build --no-deps symlink_data
[2.429s] DEBUG:colcon.colcon_core.event_handler.log_command:Invoking command in '/home/yoga7i/engr4200-termproject/build/delivery_mapping_nav': PYTHONPATH=/home/yoga7i/engr4200-termproject/build/delivery_mapping_nav/prefix_override:/usr/lib/python3/dist-packages/colcon_core/task/python/colcon_distutils_commands:/home/yoga7i/engr4200-termproject/install/delivery_mapping_nav/lib/python3.12/site-packages:${PYTHONPATH} /usr/bin/python3 -W ignore:setup.py install is deprecated -W ignore:easy_install command is deprecated setup.py develop --editable --build-directory /home/yoga7i/engr4200-termproject/build/delivery_mapping_nav/build --no-deps symlink_data
[3.064s] Level 1:colcon.colcon_core.shell:create_environment_hook('delivery_bringup', 'pythonpath_develop')
[3.065s] DEBUG:colcon.colcon_core.event_handler.log_command:Invoked command in '/home/yoga7i/engr4200-termproject/build/delivery_bringup' returned '0': PYTHONPATH=/home/yoga7i/engr4200-termproject/build/delivery_bringup/prefix_override:/usr/lib/python3/dist-packages/colcon_core/task/python/colcon_distutils_commands:/home/yoga7i/engr4200-termproject/install/delivery_bringup/lib/python3.12/site-packages:${PYTHONPATH} /usr/bin/python3 -W ignore:setup.py install is deprecated -W ignore:easy_install command is deprecated setup.py develop --editable --build-directory /home/yoga7i/engr4200-termproject/build/delivery_bringup/build --no-deps symlink_data
[3.066s] INFO:colcon.colcon_core.shell:Creating environment hook '/home/yoga7i/engr4200-termproject/build/delivery_bringup/share/delivery_bringup/hook/pythonpath_develop.ps1'
[3.067s] INFO:colcon.colcon_core.shell:Creating environment descriptor '/home/yoga7i/engr4200-termproject/build/delivery_bringup/share/delivery_bringup/hook/pythonpath_develop.dsv'
[3.067s] INFO:colcon.colcon_core.shell:Creating environment hook '/home/yoga7i/engr4200-termproject/build/delivery_bringup/share/delivery_bringup/hook/pythonpath_develop.sh'
[3.080s] Level 1:colcon.colcon_core.environment:checking '/home/yoga7i/engr4200-termproject/install/delivery_bringup' for CMake module files
[3.081s] Level 1:colcon.colcon_core.environment:checking '/home/yoga7i/engr4200-termproject/install/delivery_bringup' for CMake config files
[3.081s] Level 1:colcon.colcon_core.environment:checking '/home/yoga7i/engr4200-termproject/install/delivery_bringup/lib'
[3.082s] Level 1:colcon.colcon_core.environment:checking '/home/yoga7i/engr4200-termproject/install/delivery_bringup/bin'
[3.082s] Level 1:colcon.colcon_core.environment:checking '/home/yoga7i/engr4200-termproject/install/delivery_bringup/lib/pkgconfig/delivery_bringup.pc'
[3.082s] Level 1:colcon.colcon_core.environment:checking '/home/yoga7i/engr4200-termproject/install/delivery_bringup/lib/python3.12/site-packages'
[3.082s] Level 1:colcon.colcon_core.shell:create_environment_hook('delivery_bringup', 'pythonpath')
[3.082s] INFO:colcon.colcon_core.shell:Creating environment hook '/home/yoga7i/engr4200-termproject/install/delivery_bringup/share/delivery_bringup/hook/pythonpath.ps1'
[3.082s] INFO:colcon.colcon_core.shell:Creating environment descriptor '/home/yoga7i/engr4200-termproject/install/delivery_bringup/share/delivery_bringup/hook/pythonpath.dsv'
[3.083s] INFO:colcon.colcon_core.shell:Creating environment hook '/home/yoga7i/engr4200-termproject/install/delivery_bringup/share/delivery_bringup/hook/pythonpath.sh'
[3.083s] Level 1:colcon.colcon_core.environment:checking '/home/yoga7i/engr4200-termproject/install/delivery_bringup/bin'
[3.083s] Level 1:colcon.colcon_core.environment:create_environment_scripts_only(delivery_bringup)
[3.084s] INFO:colcon.colcon_core.shell:Creating package script '/home/yoga7i/engr4200-termproject/install/delivery_bringup/share/delivery_bringup/package.ps1'
[3.085s] INFO:colcon.colcon_core.shell:Creating package descriptor '/home/yoga7i/engr4200-termproject/install/delivery_bringup/share/delivery_bringup/package.dsv'
[3.087s] INFO:colcon.colcon_core.shell:Creating package script '/home/yoga7i/engr4200-termproject/install/delivery_bringup/share/delivery_bringup/package.sh'
[3.088s] INFO:colcon.colcon_core.shell:Creating package script '/home/yoga7i/engr4200-termproject/install/delivery_bringup/share/delivery_bringup/package.bash'
[3.089s] INFO:colcon.colcon_core.shell:Creating package script '/home/yoga7i/engr4200-termproject/install/delivery_bringup/share/delivery_bringup/package.zsh'
[3.090s] Level 1:colcon.colcon_core.environment:create_file_with_runtime_dependencies(/home/yoga7i/engr4200-termproject/install/delivery_bringup/share/colcon-core/packages/delivery_bringup)
[3.093s] Level 1:colcon.colcon_core.shell:create_environment_hook('delivery_mapping_nav', 'pythonpath_develop')
[3.093s] DEBUG:colcon.colcon_core.event_handler.log_command:Invoked command in '/home/yoga7i/engr4200-termproject/build/delivery_mapping_nav' returned '0': PYTHONPATH=/home/yoga7i/engr4200-termproject/build/delivery_mapping_nav/prefix_override:/usr/lib/python3/dist-packages/colcon_core/task/python/colcon_distutils_commands:/home/yoga7i/engr4200-termproject/install/delivery_mapping_nav/lib/python3.12/site-packages:${PYTHONPATH} /usr/bin/python3 -W ignore:setup.py install is deprecated -W ignore:easy_install command is deprecated setup.py develop --editable --build-directory /home/yoga7i/engr4200-termproject/build/delivery_mapping_nav/build --no-deps symlink_data
[3.093s] INFO:colcon.colcon_core.shell:Creating environment hook '/home/yoga7i/engr4200-termproject/build/delivery_mapping_nav/share/delivery_mapping_nav/hook/pythonpath_develop.ps1'
[3.094s] INFO:colcon.colcon_core.shell:Creating environment descriptor '/home/yoga7i/engr4200-termproject/build/delivery_mapping_nav/share/delivery_mapping_nav/hook/pythonpath_develop.dsv'
[3.095s] INFO:colcon.colcon_core.shell:Creating environment hook '/home/yoga7i/engr4200-termproject/build/delivery_mapping_nav/share/delivery_mapping_nav/hook/pythonpath_develop.sh'
[3.096s] Level 1:colcon.colcon_core.environment:checking '/home/yoga7i/engr4200-termproject/install/delivery_mapping_nav' for CMake module files
[3.097s] Level 1:colcon.colcon_core.environment:checking '/home/yoga7i/engr4200-termproject/install/delivery_mapping_nav' for CMake config files
[3.098s] Level 1:colcon.colcon_core.environment:checking '/home/yoga7i/engr4200-termproject/install/delivery_mapping_nav/lib'
[3.098s] Level 1:colcon.colcon_core.environment:checking '/home/yoga7i/engr4200-termproject/install/delivery_mapping_nav/bin'
[3.098s] Level 1:colcon.colcon_core.environment:checking '/home/yoga7i/engr4200-termproject/install/delivery_mapping_nav/lib/pkgconfig/delivery_mapping_nav.pc'
[3.098s] Level 1:colcon.colcon_core.environment:checking '/home/yoga7i/engr4200-termproject/install/delivery_mapping_nav/lib/python3.12/site-packages'
[3.098s] Level 1:colcon.colcon_core.shell:create_environment_hook('delivery_mapping_nav', 'pythonpath')
[3.098s] INFO:colcon.colcon_core.shell:Creating environment hook '/home/yoga7i/engr4200-termproject/install/delivery_mapping_nav/share/delivery_mapping_nav/hook/pythonpath.ps1'
[3.098s] INFO:colcon.colcon_core.shell:Creating environment descriptor '/home/yoga7i/engr4200-termproject/install/delivery_mapping_nav/share/delivery_mapping_nav/hook/pythonpath.dsv'
[3.099s] INFO:colcon.colcon_core.shell:Creating environment hook '/home/yoga7i/engr4200-termproject/install/delivery_mapping_nav/share/delivery_mapping_nav/hook/pythonpath.sh'
[3.099s] Level 1:colcon.colcon_core.environment:checking '/home/yoga7i/engr4200-termproject/install/delivery_mapping_nav/bin'
[3.099s] Level 1:colcon.colcon_core.environment:create_environment_scripts_only(delivery_mapping_nav)
[3.101s] INFO:colcon.colcon_core.shell:Creating package script '/home/yoga7i/engr4200-termproject/install/delivery_mapping_nav/share/delivery_mapping_nav/package.ps1'
[3.104s] INFO:colcon.colcon_core.shell:Creating package descriptor '/home/yoga7i/engr4200-termproject/install/delivery_mapping_nav/share/delivery_mapping_nav/package.dsv'
[3.104s] INFO:colcon.colcon_core.shell:Creating package script '/home/yoga7i/engr4200-termproject/install/delivery_mapping_nav/share/delivery_mapping_nav/package.sh'
[3.105s] INFO:colcon.colcon_core.shell:Creating package script '/home/yoga7i/engr4200-termproject/install/delivery_mapping_nav/share/delivery_mapping_nav/package.bash'
[3.106s] INFO:colcon.colcon_core.shell:Creating package script '/home/yoga7i/engr4200-termproject/install/delivery_mapping_nav/share/delivery_mapping_nav/package.zsh'
[3.106s] Level 1:colcon.colcon_core.environment:create_file_with_runtime_dependencies(/home/yoga7i/engr4200-termproject/install/delivery_mapping_nav/share/colcon-core/packages/delivery_mapping_nav)
[6.821s] DEBUG:colcon.colcon_core.event_handler.log_command:Invoked command in '/home/yoga7i/engr4200-termproject/build/delivery_interfaces' returned '0': CMAKE_PREFIX_PATH=${CMAKE_PREFIX_PATH}:/opt/ros/jazzy /usr/bin/cmake /home/yoga7i/engr4200-termproject/src/delivery_interfaces -DAMENT_CMAKE_SYMLINK_INSTALL=1 -DCMAKE_INSTALL_PREFIX=/home/yoga7i/engr4200-termproject/install/delivery_interfaces
[6.823s] DEBUG:colcon.colcon_core.event_handler.log_command:Invoking command in '/home/yoga7i/engr4200-termproject/build/delivery_interfaces': CMAKE_PREFIX_PATH=${CMAKE_PREFIX_PATH}:/opt/ros/jazzy /usr/bin/cmake --build /home/yoga7i/engr4200-termproject/build/delivery_interfaces -- -j14 -l14
[10.390s] DEBUG:colcon.colcon_core.event_handler.log_command:Invoked command in '/home/yoga7i/engr4200-termproject/build/delivery_interfaces' returned '0': CMAKE_PREFIX_PATH=${CMAKE_PREFIX_PATH}:/opt/ros/jazzy /usr/bin/cmake --build /home/yoga7i/engr4200-termproject/build/delivery_interfaces -- -j14 -l14
[10.401s] DEBUG:colcon.colcon_core.event_handler.log_command:Invoking command in '/home/yoga7i/engr4200-termproject/build/delivery_interfaces': CMAKE_PREFIX_PATH=${CMAKE_PREFIX_PATH}:/opt/ros/jazzy /usr/bin/cmake --install /home/yoga7i/engr4200-termproject/build/delivery_interfaces
[11.185s] Level 1:colcon.colcon_core.environment:create_environment_scripts_only(delivery_interfaces)
[11.185s] Level 1:colcon.colcon_core.environment:checking '/home/yoga7i/engr4200-termproject/install/delivery_interfaces' for CMake module files
[11.186s] DEBUG:colcon.colcon_core.event_handler.log_command:Invoked command in '/home/yoga7i/engr4200-termproject/build/delivery_interfaces' returned '0': CMAKE_PREFIX_PATH=${CMAKE_PREFIX_PATH}:/opt/ros/jazzy /usr/bin/cmake --install /home/yoga7i/engr4200-termproject/build/delivery_interfaces
[11.187s] Level 1:colcon.colcon_core.environment:checking '/home/yoga7i/engr4200-termproject/install/delivery_interfaces' for CMake config files
[11.187s] Level 1:colcon.colcon_core.shell:create_environment_hook('delivery_interfaces', 'cmake_prefix_path')
[11.187s] INFO:colcon.colcon_core.shell:Creating environment hook '/home/yoga7i/engr4200-termproject/install/delivery_interfaces/share/delivery_interfaces/hook/cmake_prefix_path.ps1'
[11.188s] INFO:colcon.colcon_core.shell:Creating environment descriptor '/home/yoga7i/engr4200-termproject/install/delivery_interfaces/share/delivery_interfaces/hook/cmake_prefix_path.dsv'
[11.188s] INFO:colcon.colcon_core.shell:Creating environment hook '/home/yoga7i/engr4200-termproject/install/delivery_interfaces/share/delivery_interfaces/hook/cmake_prefix_path.sh'
[11.188s] Level 1:colcon.colcon_core.environment:checking '/home/yoga7i/engr4200-termproject/install/delivery_interfaces/lib'
[11.188s] Level 1:colcon.colcon_core.shell:create_environment_hook('delivery_interfaces', 'ld_library_path_lib')
[11.189s] INFO:colcon.colcon_core.shell:Creating environment hook '/home/yoga7i/engr4200-termproject/install/delivery_interfaces/share/delivery_interfaces/hook/ld_library_path_lib.ps1'
[11.189s] INFO:colcon.colcon_core.shell:Creating environment descriptor '/home/yoga7i/engr4200-termproject/install/delivery_interfaces/share/delivery_interfaces/hook/ld_library_path_lib.dsv'
[11.190s] INFO:colcon.colcon_core.shell:Creating environment hook '/home/yoga7i/engr4200-termproject/install/delivery_interfaces/share/delivery_interfaces/hook/ld_library_path_lib.sh'
[11.190s] Level 1:colcon.colcon_core.environment:checking '/home/yoga7i/engr4200-termproject/install/delivery_interfaces/bin'
[11.191s] Level 1:colcon.colcon_core.environment:checking '/home/yoga7i/engr4200-termproject/install/delivery_interfaces/lib/pkgconfig/delivery_interfaces.pc'
[11.191s] Level 1:colcon.colcon_core.environment:checking '/home/yoga7i/engr4200-termproject/install/delivery_interfaces/lib/python3.12/site-packages'
[11.191s] Level 1:colcon.colcon_core.shell:create_environment_hook('delivery_interfaces', 'pythonpath')
[11.191s] INFO:colcon.colcon_core.shell:Creating environment hook '/home/yoga7i/engr4200-termproject/install/delivery_interfaces/share/delivery_interfaces/hook/pythonpath.ps1'
[11.192s] INFO:colcon.colcon_core.shell:Creating environment descriptor '/home/yoga7i/engr4200-termproject/install/delivery_interfaces/share/delivery_interfaces/hook/pythonpath.dsv'
[11.192s] INFO:colcon.colcon_core.shell:Creating environment hook '/home/yoga7i/engr4200-termproject/install/delivery_interfaces/share/delivery_interfaces/hook/pythonpath.sh'
[11.193s] Level 1:colcon.colcon_core.environment:checking '/home/yoga7i/engr4200-termproject/install/delivery_interfaces/bin'
[11.193s] INFO:colcon.colcon_core.shell:Creating package script '/home/yoga7i/engr4200-termproject/install/delivery_interfaces/share/delivery_interfaces/package.ps1'
[11.193s] INFO:colcon.colcon_core.shell:Creating package descriptor '/home/yoga7i/engr4200-termproject/install/delivery_interfaces/share/delivery_interfaces/package.dsv'
[11.194s] INFO:colcon.colcon_core.shell:Creating package script '/home/yoga7i/engr4200-termproject/install/delivery_interfaces/share/delivery_interfaces/package.sh'
[11.194s] INFO:colcon.colcon_core.shell:Creating package script '/home/yoga7i/engr4200-termproject/install/delivery_interfaces/share/delivery_interfaces/package.bash'
[11.194s] INFO:colcon.colcon_core.shell:Creating package script '/home/yoga7i/engr4200-termproject/install/delivery_interfaces/share/delivery_interfaces/package.zsh'
[11.194s] Level 1:colcon.colcon_core.environment:create_file_with_runtime_dependencies(/home/yoga7i/engr4200-termproject/install/delivery_interfaces/share/colcon-core/packages/delivery_interfaces)
[11.195s] Level 1:colcon.colcon_core.environment:create_environment_scripts_only(delivery_interfaces)
[11.195s] Level 1:colcon.colcon_core.environment:checking '/home/yoga7i/engr4200-termproject/install/delivery_interfaces' for CMake module files
[11.196s] Level 1:colcon.colcon_core.environment:checking '/home/yoga7i/engr4200-termproject/install/delivery_interfaces' for CMake config files
[11.196s] Level 1:colcon.colcon_core.shell:create_environment_hook('delivery_interfaces', 'cmake_prefix_path')
[11.196s] INFO:colcon.colcon_core.shell:Creating environment hook '/home/yoga7i/engr4200-termproject/install/delivery_interfaces/share/delivery_interfaces/hook/cmake_prefix_path.ps1'
[11.196s] INFO:colcon.colcon_core.shell:Creating environment descriptor '/home/yoga7i/engr4200-termproject/install/delivery_interfaces/share/delivery_interfaces/hook/cmake_prefix_path.dsv'
[11.197s] INFO:colcon.colcon_core.shell:Creating environment hook '/home/yoga7i/engr4200-termproject/install/delivery_interfaces/share/delivery_interfaces/hook/cmake_prefix_path.sh'
[11.197s] Level 1:colcon.colcon_core.environment:checking '/home/yoga7i/engr4200-termproject/install/delivery_interfaces/lib'
[11.197s] Level 1:colcon.colcon_core.shell:create_environment_hook('delivery_interfaces', 'ld_library_path_lib')
[11.197s] INFO:colcon.colcon_core.shell:Creating environment hook '/home/yoga7i/engr4200-termproject/install/delivery_interfaces/share/delivery_interfaces/hook/ld_library_path_lib.ps1'
[11.198s] INFO:colcon.colcon_core.shell:Creating environment descriptor '/home/yoga7i/engr4200-termproject/install/delivery_interfaces/share/delivery_interfaces/hook/ld_library_path_lib.dsv'
[11.198s] INFO:colcon.colcon_core.shell:Creating environment hook '/home/yoga7i/engr4200-termproject/install/delivery_interfaces/share/delivery_interfaces/hook/ld_library_path_lib.sh'
[11.198s] Level 1:colcon.colcon_core.environment:checking '/home/yoga7i/engr4200-termproject/install/delivery_interfaces/bin'
[11.198s] Level 1:colcon.colcon_core.environment:checking '/home/yoga7i/engr4200-termproject/install/delivery_interfaces/lib/pkgconfig/delivery_interfaces.pc'
[11.198s] Level 1:colcon.colcon_core.environment:checking '/home/yoga7i/engr4200-termproject/install/delivery_interfaces/lib/python3.12/site-packages'
[11.199s] Level 1:colcon.colcon_core.shell:create_environment_hook('delivery_interfaces', 'pythonpath')
[11.199s] INFO:colcon.colcon_core.shell:Creating environment hook '/home/yoga7i/engr4200-termproject/install/delivery_interfaces/share/delivery_interfaces/hook/pythonpath.ps1'
[11.199s] INFO:colcon.colcon_core.shell:Creating environment descriptor '/home/yoga7i/engr4200-termproject/install/delivery_interfaces/share/delivery_interfaces/hook/pythonpath.dsv'
[11.199s] INFO:colcon.colcon_core.shell:Creating environment hook '/home/yoga7i/engr4200-termproject/install/delivery_interfaces/share/delivery_interfaces/hook/pythonpath.sh'
[11.200s] Level 1:colcon.colcon_core.environment:checking '/home/yoga7i/engr4200-termproject/install/delivery_interfaces/bin'
[11.200s] INFO:colcon.colcon_core.shell:Creating package script '/home/yoga7i/engr4200-termproject/install/delivery_interfaces/share/delivery_interfaces/package.ps1'
[11.200s] INFO:colcon.colcon_core.shell:Creating package descriptor '/home/yoga7i/engr4200-termproject/install/delivery_interfaces/share/delivery_interfaces/package.dsv'
[11.201s] INFO:colcon.colcon_core.shell:Creating package script '/home/yoga7i/engr4200-termproject/install/delivery_interfaces/share/delivery_interfaces/package.sh'
[11.201s] INFO:colcon.colcon_core.shell:Creating package script '/home/yoga7i/engr4200-termproject/install/delivery_interfaces/share/delivery_interfaces/package.bash'
[11.201s] INFO:colcon.colcon_core.shell:Creating package script '/home/yoga7i/engr4200-termproject/install/delivery_interfaces/share/delivery_interfaces/package.zsh'
[11.201s] Level 1:colcon.colcon_core.environment:create_file_with_runtime_dependencies(/home/yoga7i/engr4200-termproject/install/delivery_interfaces/share/colcon-core/packages/delivery_interfaces)
[11.202s] INFO:colcon.colcon_ros.task.ament_python.build:Building ROS package in '/home/yoga7i/engr4200-termproject/src/delivery_manipulator' with build type 'ament_python'
[11.202s] Level 1:colcon.colcon_core.shell:create_environment_hook('delivery_manipulator', 'ament_prefix_path')
[11.203s] INFO:colcon.colcon_core.shell:Creating environment hook '/home/yoga7i/engr4200-termproject/install/delivery_manipulator/share/delivery_manipulator/hook/ament_prefix_path.ps1'
[11.204s] INFO:colcon.colcon_core.shell:Creating environment descriptor '/home/yoga7i/engr4200-termproject/install/delivery_manipulator/share/delivery_manipulator/hook/ament_prefix_path.dsv'
[11.204s] INFO:colcon.colcon_core.shell:Creating environment hook '/home/yoga7i/engr4200-termproject/install/delivery_manipulator/share/delivery_manipulator/hook/ament_prefix_path.sh'
[11.205s] INFO:colcon.colcon_core.shell:Skip shell extension 'powershell' for command environment: Not usable outside of PowerShell
[11.205s] DEBUG:colcon.colcon_core.shell:Skip shell extension 'dsv' for command environment
[11.210s] INFO:colcon.colcon_ros.task.ament_python.build:Building ROS package in '/home/yoga7i/engr4200-termproject/src/delivery_task_manager' with build type 'ament_python'
[11.210s] Level 1:colcon.colcon_core.shell:create_environment_hook('delivery_task_manager', 'ament_prefix_path')
[11.210s] INFO:colcon.colcon_core.shell:Creating environment hook '/home/yoga7i/engr4200-termproject/install/delivery_task_manager/share/delivery_task_manager/hook/ament_prefix_path.ps1'
[11.212s] INFO:colcon.colcon_core.shell:Creating environment descriptor '/home/yoga7i/engr4200-termproject/install/delivery_task_manager/share/delivery_task_manager/hook/ament_prefix_path.dsv'
[11.212s] INFO:colcon.colcon_core.shell:Creating environment hook '/home/yoga7i/engr4200-termproject/install/delivery_task_manager/share/delivery_task_manager/hook/ament_prefix_path.sh'
[11.212s] INFO:colcon.colcon_core.shell:Skip shell extension 'powershell' for command environment: Not usable outside of PowerShell
[11.212s] DEBUG:colcon.colcon_core.shell:Skip shell extension 'dsv' for command environment
[11.215s] INFO:colcon.colcon_ros.task.ament_python.build:Building ROS package in '/home/yoga7i/engr4200-termproject/src/delivery_vision_scanner' with build type 'ament_python'
[11.215s] Level 1:colcon.colcon_core.shell:create_environment_hook('delivery_vision_scanner', 'ament_prefix_path')
[11.215s] INFO:colcon.colcon_core.shell:Creating environment hook '/home/yoga7i/engr4200-termproject/install/delivery_vision_scanner/share/delivery_vision_scanner/hook/ament_prefix_path.ps1'
[11.217s] INFO:colcon.colcon_core.shell:Creating environment descriptor '/home/yoga7i/engr4200-termproject/install/delivery_vision_scanner/share/delivery_vision_scanner/hook/ament_prefix_path.dsv'
[11.217s] INFO:colcon.colcon_core.shell:Creating environment hook '/home/yoga7i/engr4200-termproject/install/delivery_vision_scanner/share/delivery_vision_scanner/hook/ament_prefix_path.sh'
[11.218s] INFO:colcon.colcon_core.shell:Skip shell extension 'powershell' for command environment: Not usable outside of PowerShell
[11.218s] DEBUG:colcon.colcon_core.shell:Skip shell extension 'dsv' for command environment
[11.489s] INFO:colcon.colcon_core.task.python.build:Building Python package in '/home/yoga7i/engr4200-termproject/src/delivery_task_manager'
[11.489s] INFO:colcon.colcon_core.shell:Skip shell extension 'powershell' for command environment: Not usable outside of PowerShell
[11.489s] DEBUG:colcon.colcon_core.shell:Skip shell extension 'dsv' for command environment
[11.683s] INFO:colcon.colcon_core.task.python.build:Building Python package in '/home/yoga7i/engr4200-termproject/src/delivery_manipulator'
[11.684s] INFO:colcon.colcon_core.shell:Skip shell extension 'powershell' for command environment: Not usable outside of PowerShell
[11.684s] DEBUG:colcon.colcon_core.shell:Skip shell extension 'dsv' for command environment
[11.883s] INFO:colcon.colcon_core.task.python.build:Building Python package in '/home/yoga7i/engr4200-termproject/src/delivery_vision_scanner'
[11.883s] INFO:colcon.colcon_core.shell:Skip shell extension 'powershell' for command environment: Not usable outside of PowerShell
[11.883s] DEBUG:colcon.colcon_core.shell:Skip shell extension 'dsv' for command environment
[12.538s] DEBUG:colcon.colcon_core.event_handler.log_command:Invoking command in '/home/yoga7i/engr4200-termproject/build/delivery_task_manager': AMENT_PREFIX_PATH=/home/yoga7i/engr4200-termproject/install/delivery_interfaces:${AMENT_PREFIX_PATH} CMAKE_PREFIX_PATH=/home/yoga7i/engr4200-termproject/install/delivery_interfaces:${CMAKE_PREFIX_PATH} LD_LIBRARY_PATH=/home/yoga7i/engr4200-termproject/install/delivery_interfaces/lib:${LD_LIBRARY_PATH} PYTHONPATH=/home/yoga7i/engr4200-termproject/build/delivery_task_manager/prefix_override:/usr/lib/python3/dist-packages/colcon_core/task/python/colcon_distutils_commands:/home/yoga7i/engr4200-termproject/install/delivery_task_manager/lib/python3.12/site-packages:/home/yoga7i/engr4200-termproject/install/delivery_interfaces/lib/python3.12/site-packages:${PYTHONPATH} /usr/bin/python3 -W ignore:setup.py install is deprecated -W ignore:easy_install command is deprecated setup.py develop --editable --build-directory /home/yoga7i/engr4200-termproject/build/delivery_task_manager/build --no-deps symlink_data
[12.571s] DEBUG:colcon.colcon_core.event_handler.log_command:Invoking command in '/home/yoga7i/engr4200-termproject/build/delivery_manipulator': AMENT_PREFIX_PATH=/home/yoga7i/engr4200-termproject/install/delivery_interfaces:${AMENT_PREFIX_PATH} CMAKE_PREFIX_PATH=/home/yoga7i/engr4200-termproject/install/delivery_interfaces:${CMAKE_PREFIX_PATH} LD_LIBRARY_PATH=/home/yoga7i/engr4200-termproject/install/delivery_interfaces/lib:${LD_LIBRARY_PATH} PYTHONPATH=/home/yoga7i/engr4200-termproject/build/delivery_manipulator/prefix_override:/usr/lib/python3/dist-packages/colcon_core/task/python/colcon_distutils_commands:/home/yoga7i/engr4200-termproject/install/delivery_manipulator/lib/python3.12/site-packages:/home/yoga7i/engr4200-termproject/install/delivery_interfaces/lib/python3.12/site-packages:${PYTHONPATH} /usr/bin/python3 -W ignore:setup.py install is deprecated -W ignore:easy_install command is deprecated setup.py develop --editable --build-directory /home/yoga7i/engr4200-termproject/build/delivery_manipulator/build --no-deps symlink_data
[12.653s] DEBUG:colcon.colcon_core.event_handler.log_command:Invoking command in '/home/yoga7i/engr4200-termproject/build/delivery_vision_scanner': AMENT_PREFIX_PATH=/home/yoga7i/engr4200-termproject/install/delivery_interfaces:${AMENT_PREFIX_PATH} CMAKE_PREFIX_PATH=/home/yoga7i/engr4200-termproject/install/delivery_interfaces:${CMAKE_PREFIX_PATH} LD_LIBRARY_PATH=/home/yoga7i/engr4200-termproject/install/delivery_interfaces/lib:${LD_LIBRARY_PATH} PYTHONPATH=/home/yoga7i/engr4200-termproject/build/delivery_vision_scanner/prefix_override:/usr/lib/python3/dist-packages/colcon_core/task/python/colcon_distutils_commands:/home/yoga7i/engr4200-termproject/install/delivery_vision_scanner/lib/python3.12/site-packages:/home/yoga7i/engr4200-termproject/install/delivery_interfaces/lib/python3.12/site-packages:${PYTHONPATH} /usr/bin/python3 -W ignore:setup.py install is deprecated -W ignore:easy_install command is deprecated setup.py develop --editable --build-directory /home/yoga7i/engr4200-termproject/build/delivery_vision_scanner/build --no-deps symlink_data
[13.313s] Level 1:colcon.colcon_core.shell:create_environment_hook('delivery_manipulator', 'pythonpath_develop')
[13.314s] INFO:colcon.colcon_core.shell:Creating environment hook '/home/yoga7i/engr4200-termproject/build/delivery_manipulator/share/delivery_manipulator/hook/pythonpath_develop.ps1'
[13.314s] DEBUG:colcon.colcon_core.event_handler.log_command:Invoked command in '/home/yoga7i/engr4200-termproject/build/delivery_manipulator' returned '0': AMENT_PREFIX_PATH=/home/yoga7i/engr4200-termproject/install/delivery_interfaces:${AMENT_PREFIX_PATH} CMAKE_PREFIX_PATH=/home/yoga7i/engr4200-termproject/install/delivery_interfaces:${CMAKE_PREFIX_PATH} LD_LIBRARY_PATH=/home/yoga7i/engr4200-termproject/install/delivery_interfaces/lib:${LD_LIBRARY_PATH} PYTHONPATH=/home/yoga7i/engr4200-termproject/build/delivery_manipulator/prefix_override:/usr/lib/python3/dist-packages/colcon_core/task/python/colcon_distutils_commands:/home/yoga7i/engr4200-termproject/install/delivery_manipulator/lib/python3.12/site-packages:/home/yoga7i/engr4200-termproject/install/delivery_interfaces/lib/python3.12/site-packages:${PYTHONPATH} /usr/bin/python3 -W ignore:setup.py install is deprecated -W ignore:easy_install command is deprecated setup.py develop --editable --build-directory /home/yoga7i/engr4200-termproject/build/delivery_manipulator/build --no-deps symlink_data
[13.315s] INFO:colcon.colcon_core.shell:Creating environment descriptor '/home/yoga7i/engr4200-termproject/build/delivery_manipulator/share/delivery_manipulator/hook/pythonpath_develop.dsv'
[13.315s] INFO:colcon.colcon_core.shell:Creating environment hook '/home/yoga7i/engr4200-termproject/build/delivery_manipulator/share/delivery_manipulator/hook/pythonpath_develop.sh'
[13.316s] Level 1:colcon.colcon_core.environment:checking '/home/yoga7i/engr4200-termproject/install/delivery_manipulator' for CMake module files
[13.317s] Level 1:colcon.colcon_core.environment:checking '/home/yoga7i/engr4200-termproject/install/delivery_manipulator' for CMake config files
[13.317s] Level 1:colcon.colcon_core.environment:checking '/home/yoga7i/engr4200-termproject/install/delivery_manipulator/lib'
[13.318s] Level 1:colcon.colcon_core.environment:checking '/home/yoga7i/engr4200-termproject/install/delivery_manipulator/bin'
[13.318s] Level 1:colcon.colcon_core.environment:checking '/home/yoga7i/engr4200-termproject/install/delivery_manipulator/lib/pkgconfig/delivery_manipulator.pc'
[13.318s] Level 1:colcon.colcon_core.environment:checking '/home/yoga7i/engr4200-termproject/install/delivery_manipulator/lib/python3.12/site-packages'
[13.318s] Level 1:colcon.colcon_core.shell:create_environment_hook('delivery_manipulator', 'pythonpath')
[13.318s] INFO:colcon.colcon_core.shell:Creating environment hook '/home/yoga7i/engr4200-termproject/install/delivery_manipulator/share/delivery_manipulator/hook/pythonpath.ps1'
[13.318s] INFO:colcon.colcon_core.shell:Creating environment descriptor '/home/yoga7i/engr4200-termproject/install/delivery_manipulator/share/delivery_manipulator/hook/pythonpath.dsv'
[13.319s] INFO:colcon.colcon_core.shell:Creating environment hook '/home/yoga7i/engr4200-termproject/install/delivery_manipulator/share/delivery_manipulator/hook/pythonpath.sh'
[13.320s] Level 1:colcon.colcon_core.environment:checking '/home/yoga7i/engr4200-termproject/install/delivery_manipulator/bin'
[13.320s] Level 1:colcon.colcon_core.environment:create_environment_scripts_only(delivery_manipulator)
[13.320s] INFO:colcon.colcon_core.shell:Creating package script '/home/yoga7i/engr4200-termproject/install/delivery_manipulator/share/delivery_manipulator/package.ps1'
[13.321s] INFO:colcon.colcon_core.shell:Creating package descriptor '/home/yoga7i/engr4200-termproject/install/delivery_manipulator/share/delivery_manipulator/package.dsv'
[13.322s] INFO:colcon.colcon_core.shell:Creating package script '/home/yoga7i/engr4200-termproject/install/delivery_manipulator/share/delivery_manipulator/package.sh'
[13.322s] INFO:colcon.colcon_core.shell:Creating package script '/home/yoga7i/engr4200-termproject/install/delivery_manipulator/share/delivery_manipulator/package.bash'
[13.323s] INFO:colcon.colcon_core.shell:Creating package script '/home/yoga7i/engr4200-termproject/install/delivery_manipulator/share/delivery_manipulator/package.zsh'
[13.323s] Level 1:colcon.colcon_core.environment:create_file_with_runtime_dependencies(/home/yoga7i/engr4200-termproject/install/delivery_manipulator/share/colcon-core/packages/delivery_manipulator)
[13.368s] Level 1:colcon.colcon_core.shell:create_environment_hook('delivery_task_manager', 'pythonpath_develop')
[13.368s] INFO:colcon.colcon_core.shell:Creating environment hook '/home/yoga7i/engr4200-termproject/build/delivery_task_manager/share/delivery_task_manager/hook/pythonpath_develop.ps1'
[13.369s] DEBUG:colcon.colcon_core.event_handler.log_command:Invoked command in '/home/yoga7i/engr4200-termproject/build/delivery_task_manager' returned '0': AMENT_PREFIX_PATH=/home/yoga7i/engr4200-termproject/install/delivery_interfaces:${AMENT_PREFIX_PATH} CMAKE_PREFIX_PATH=/home/yoga7i/engr4200-termproject/install/delivery_interfaces:${CMAKE_PREFIX_PATH} LD_LIBRARY_PATH=/home/yoga7i/engr4200-termproject/install/delivery_interfaces/lib:${LD_LIBRARY_PATH} PYTHONPATH=/home/yoga7i/engr4200-termproject/build/delivery_task_manager/prefix_override:/usr/lib/python3/dist-packages/colcon_core/task/python/colcon_distutils_commands:/home/yoga7i/engr4200-termproject/install/delivery_task_manager/lib/python3.12/site-packages:/home/yoga7i/engr4200-termproject/install/delivery_interfaces/lib/python3.12/site-packages:${PYTHONPATH} /usr/bin/python3 -W ignore:setup.py install is deprecated -W ignore:easy_install command is deprecated setup.py develop --editable --build-directory /home/yoga7i/engr4200-termproject/build/delivery_task_manager/build --no-deps symlink_data
[13.370s] INFO:colcon.colcon_core.shell:Creating environment descriptor '/home/yoga7i/engr4200-termproject/build/delivery_task_manager/share/delivery_task_manager/hook/pythonpath_develop.dsv'
[13.370s] INFO:colcon.colcon_core.shell:Creating environment hook '/home/yoga7i/engr4200-termproject/build/delivery_task_manager/share/delivery_task_manager/hook/pythonpath_develop.sh'
[13.371s] Level 1:colcon.colcon_core.environment:checking '/home/yoga7i/engr4200-termproject/install/delivery_task_manager' for CMake module files
[13.371s] Level 1:colcon.colcon_core.environment:checking '/home/yoga7i/engr4200-termproject/install/delivery_task_manager' for CMake config files
[13.371s] Level 1:colcon.colcon_core.environment:checking '/home/yoga7i/engr4200-termproject/install/delivery_task_manager/lib'
[13.371s] Level 1:colcon.colcon_core.environment:checking '/home/yoga7i/engr4200-termproject/install/delivery_task_manager/bin'
[13.372s] Level 1:colcon.colcon_core.environment:checking '/home/yoga7i/engr4200-termproject/install/delivery_task_manager/lib/pkgconfig/delivery_task_manager.pc'
[13.372s] Level 1:colcon.colcon_core.environment:checking '/home/yoga7i/engr4200-termproject/install/delivery_task_manager/lib/python3.12/site-packages'
[13.372s] Level 1:colcon.colcon_core.shell:create_environment_hook('delivery_task_manager', 'pythonpath')
[13.372s] INFO:colcon.colcon_core.shell:Creating environment hook '/home/yoga7i/engr4200-termproject/install/delivery_task_manager/share/delivery_task_manager/hook/pythonpath.ps1'
[13.372s] INFO:colcon.colcon_core.shell:Creating environment descriptor '/home/yoga7i/engr4200-termproject/install/delivery_task_manager/share/delivery_task_manager/hook/pythonpath.dsv'
[13.373s] INFO:colcon.colcon_core.shell:Creating environment hook '/home/yoga7i/engr4200-termproject/install/delivery_task_manager/share/delivery_task_manager/hook/pythonpath.sh'
[13.373s] Level 1:colcon.colcon_core.environment:checking '/home/yoga7i/engr4200-termproject/install/delivery_task_manager/bin'
[13.373s] Level 1:colcon.colcon_core.environment:create_environment_scripts_only(delivery_task_manager)
[13.373s] INFO:colcon.colcon_core.shell:Creating package script '/home/yoga7i/engr4200-termproject/install/delivery_task_manager/share/delivery_task_manager/package.ps1'
[13.374s] INFO:colcon.colcon_core.shell:Creating package descriptor '/home/yoga7i/engr4200-termproject/install/delivery_task_manager/share/delivery_task_manager/package.dsv'
[13.374s] INFO:colcon.colcon_core.shell:Creating package script '/home/yoga7i/engr4200-termproject/install/delivery_task_manager/share/delivery_task_manager/package.sh'
[13.376s] INFO:colcon.colcon_core.shell:Creating package script '/home/yoga7i/engr4200-termproject/install/delivery_task_manager/share/delivery_task_manager/package.bash'
[13.376s] INFO:colcon.colcon_core.shell:Creating package script '/home/yoga7i/engr4200-termproject/install/delivery_task_manager/share/delivery_task_manager/package.zsh'
[13.376s] Level 1:colcon.colcon_core.environment:create_file_with_runtime_dependencies(/home/yoga7i/engr4200-termproject/install/delivery_task_manager/share/colcon-core/packages/delivery_task_manager)
[13.462s] Level 1:colcon.colcon_core.shell:create_environment_hook('delivery_vision_scanner', 'pythonpath_develop')
[13.462s] INFO:colcon.colcon_core.shell:Creating environment hook '/home/yoga7i/engr4200-termproject/build/delivery_vision_scanner/share/delivery_vision_scanner/hook/pythonpath_develop.ps1'
[13.463s] DEBUG:colcon.colcon_core.event_handler.log_command:Invoked command in '/home/yoga7i/engr4200-termproject/build/delivery_vision_scanner' returned '0': AMENT_PREFIX_PATH=/home/yoga7i/engr4200-termproject/install/delivery_interfaces:${AMENT_PREFIX_PATH} CMAKE_PREFIX_PATH=/home/yoga7i/engr4200-termproject/install/delivery_interfaces:${CMAKE_PREFIX_PATH} LD_LIBRARY_PATH=/home/yoga7i/engr4200-termproject/install/delivery_interfaces/lib:${LD_LIBRARY_PATH} PYTHONPATH=/home/yoga7i/engr4200-termproject/build/delivery_vision_scanner/prefix_override:/usr/lib/python3/dist-packages/colcon_core/task/python/colcon_distutils_commands:/home/yoga7i/engr4200-termproject/install/delivery_vision_scanner/lib/python3.12/site-packages:/home/yoga7i/engr4200-termproject/install/delivery_interfaces/lib/python3.12/site-packages:${PYTHONPATH} /usr/bin/python3 -W ignore:setup.py install is deprecated -W ignore:easy_install command is deprecated setup.py develop --editable --build-directory /home/yoga7i/engr4200-termproject/build/delivery_vision_scanner/build --no-deps symlink_data
[13.465s] INFO:colcon.colcon_core.shell:Creating environment descriptor '/home/yoga7i/engr4200-termproject/build/delivery_vision_scanner/share/delivery_vision_scanner/hook/pythonpath_develop.dsv'
[13.465s] INFO:colcon.colcon_core.shell:Creating environment hook '/home/yoga7i/engr4200-termproject/build/delivery_vision_scanner/share/delivery_vision_scanner/hook/pythonpath_develop.sh'
[13.466s] Level 1:colcon.colcon_core.environment:checking '/home/yoga7i/engr4200-termproject/install/delivery_vision_scanner' for CMake module files
[13.467s] Level 1:colcon.colcon_core.environment:checking '/home/yoga7i/engr4200-termproject/install/delivery_vision_scanner' for CMake config files
[13.467s] Level 1:colcon.colcon_core.environment:checking '/home/yoga7i/engr4200-termproject/install/delivery_vision_scanner/lib'
[13.467s] Level 1:colcon.colcon_core.environment:checking '/home/yoga7i/engr4200-termproject/install/delivery_vision_scanner/bin'
[13.467s] Level 1:colcon.colcon_core.environment:checking '/home/yoga7i/engr4200-termproject/install/delivery_vision_scanner/lib/pkgconfig/delivery_vision_scanner.pc'
[13.468s] Level 1:colcon.colcon_core.environment:checking '/home/yoga7i/engr4200-termproject/install/delivery_vision_scanner/lib/python3.12/site-packages'
[13.468s] Level 1:colcon.colcon_core.shell:create_environment_hook('delivery_vision_scanner', 'pythonpath')
[13.468s] INFO:colcon.colcon_core.shell:Creating environment hook '/home/yoga7i/engr4200-termproject/install/delivery_vision_scanner/share/delivery_vision_scanner/hook/pythonpath.ps1'
[13.468s] INFO:colcon.colcon_core.shell:Creating environment descriptor '/home/yoga7i/engr4200-termproject/install/delivery_vision_scanner/share/delivery_vision_scanner/hook/pythonpath.dsv'
[13.468s] INFO:colcon.colcon_core.shell:Creating environment hook '/home/yoga7i/engr4200-termproject/install/delivery_vision_scanner/share/delivery_vision_scanner/hook/pythonpath.sh'
[13.469s] Level 1:colcon.colcon_core.environment:checking '/home/yoga7i/engr4200-termproject/install/delivery_vision_scanner/bin'
[13.469s] Level 1:colcon.colcon_core.environment:create_environment_scripts_only(delivery_vision_scanner)
[13.469s] INFO:colcon.colcon_core.shell:Creating package script '/home/yoga7i/engr4200-termproject/install/delivery_vision_scanner/share/delivery_vision_scanner/package.ps1'
[13.470s] INFO:colcon.colcon_core.shell:Creating package descriptor '/home/yoga7i/engr4200-termproject/install/delivery_vision_scanner/share/delivery_vision_scanner/package.dsv'
[13.470s] INFO:colcon.colcon_core.shell:Creating package script '/home/yoga7i/engr4200-termproject/install/delivery_vision_scanner/share/delivery_vision_scanner/package.sh'
[13.470s] INFO:colcon.colcon_core.shell:Creating package script '/home/yoga7i/engr4200-termproject/install/delivery_vision_scanner/share/delivery_vision_scanner/package.bash'
[13.471s] INFO:colcon.colcon_core.shell:Creating package script '/home/yoga7i/engr4200-termproject/install/delivery_vision_scanner/share/delivery_vision_scanner/package.zsh'
[13.472s] Level 1:colcon.colcon_core.environment:create_file_with_runtime_dependencies(/home/yoga7i/engr4200-termproject/install/delivery_vision_scanner/share/colcon-core/packages/delivery_vision_scanner)
[13.473s] DEBUG:colcon.colcon_parallel_executor.executor.parallel:closing loop
[13.473s] DEBUG:colcon.colcon_parallel_executor.executor.parallel:loop closed
[13.474s] DEBUG:colcon.colcon_parallel_executor.executor.parallel:run_until_complete finished with '0'
[13.475s] DEBUG:colcon.colcon_core.event_reactor:joining thread
[13.599s] INFO:colcon.colcon_core.plugin_system:Skipping extension 'colcon_notification.desktop_notification.notify_send': Could not find 'notify-send'
[13.599s] INFO:colcon.colcon_core.plugin_system:Skipping extension 'colcon_notification.desktop_notification.terminal_notifier': Not used on non-Darwin systems
[13.600s] INFO:colcon.colcon_core.plugin_system:Skipping extension 'colcon_notification.desktop_notification.win32': Not used on non-Windows systems
[13.600s] INFO:colcon.colcon_notification.desktop_notification:Sending desktop notification using 'notify2'
[13.628s] DEBUG:colcon.colcon_notification.desktop_notification.notify2:Failed to initialize notify2: org.freedesktop.DBus.Error.ServiceUnknown: The name org.freedesktop.Notifications was not provided by any .service files
[13.628s] DEBUG:colcon.colcon_core.event_reactor:joined thread
[13.628s] INFO:colcon.colcon_core.shell:Creating prefix script '/home/yoga7i/engr4200-termproject/install/local_setup.ps1'
[13.629s] INFO:colcon.colcon_core.shell:Creating prefix util module '/home/yoga7i/engr4200-termproject/install/_local_setup_util_ps1.py'
[13.632s] INFO:colcon.colcon_core.shell:Creating prefix chain script '/home/yoga7i/engr4200-termproject/install/setup.ps1'
[13.633s] INFO:colcon.colcon_core.shell:Creating prefix script '/home/yoga7i/engr4200-termproject/install/local_setup.sh'
[13.635s] INFO:colcon.colcon_core.shell:Creating prefix util module '/home/yoga7i/engr4200-termproject/install/_local_setup_util_sh.py'
[13.635s] INFO:colcon.colcon_core.shell:Creating prefix chain script '/home/yoga7i/engr4200-termproject/install/setup.sh'
[13.637s] INFO:colcon.colcon_core.shell:Creating prefix script '/home/yoga7i/engr4200-termproject/install/local_setup.bash'
[13.638s] INFO:colcon.colcon_core.shell:Creating prefix chain script '/home/yoga7i/engr4200-termproject/install/setup.bash'
[13.639s] INFO:colcon.colcon_core.shell:Creating prefix script '/home/yoga7i/engr4200-termproject/install/local_setup.zsh'
[13.640s] INFO:colcon.colcon_core.shell:Creating prefix chain script '/home/yoga7i/engr4200-termproject/install/setup.zsh'
