[1.367s] Invoking command in '/home/yoga7i/engr4200-termproject/build/delivery_manipulator': AMENT_PREFIX_PATH=/home/yoga7i/engr4200-termproject/install/delivery_interfaces:${AMENT_PREFIX_PATH} CMAKE_PREFIX_PATH=/home/yoga7i/engr4200-termproject/install/delivery_interfaces:${CMAKE_PREFIX_PATH} LD_LIBRARY_PATH=/home/yoga7i/engr4200-termproject/install/delivery_interfaces/lib:${LD_LIBRARY_PATH} PYTHONPATH=/home/yoga7i/engr4200-termproject/build/delivery_manipulator/prefix_override:/usr/lib/python3/dist-packages/colcon_core/task/python/colcon_distutils_commands:/home/yoga7i/engr4200-termproject/install/delivery_manipulator/lib/python3.12/site-packages:/home/yoga7i/engr4200-termproject/install/delivery_interfaces/lib/python3.12/site-packages:${PYTHONPATH} /usr/bin/python3 -W ignore:setup.py install is deprecated -W ignore:easy_install command is deprecated setup.py develop --editable --build-directory /home/yoga7i/engr4200-termproject/build/delivery_manipulator/build --no-deps symlink_data
[1.716s] running develop
[1.954s] running egg_info
[1.954s] creating delivery_manipulator.egg-info
[2.009s] writing delivery_manipulator.egg-info/PKG-INFO
[2.009s] writing dependency_links to delivery_manipulator.egg-info/dependency_links.txt
[2.010s] writing entry points to delivery_manipulator.egg-info/entry_points.txt
[2.012s] writing requirements to delivery_manipulator.egg-info/requires.txt
[2.012s] writing top-level names to delivery_manipulator.egg-info/top_level.txt
[2.013s] writing manifest file 'delivery_manipulator.egg-info/SOURCES.txt'
[2.052s] reading manifest file 'delivery_manipulator.egg-info/SOURCES.txt'
[2.052s] writing manifest file 'delivery_manipulator.egg-info/SOURCES.txt'
[2.070s] running build_ext
[2.070s] Creating /home/yoga7i/engr4200-termproject/install/delivery_manipulator/lib/python3.12/site-packages/delivery-manipulator.egg-link (link to .)
[2.070s] Installing rack_pinion_controller script to /home/yoga7i/engr4200-termproject/install/delivery_manipulator/lib/delivery_manipulator
[2.070s] 
[2.070s] Installed /home/yoga7i/engr4200-termproject/build/delivery_manipulator
[2.070s] running symlink_data
[2.070s] creating /home/yoga7i/engr4200-termproject/install/delivery_manipulator/share/ament_index
[2.070s] creating /home/yoga7i/engr4200-termproject/install/delivery_manipulator/share/ament_index/resource_index
[2.070s] creating /home/yoga7i/engr4200-termproject/install/delivery_manipulator/share/ament_index/resource_index/packages
[2.071s] symbolically linking /home/yoga7i/engr4200-termproject/build/delivery_manipulator/resource/delivery_manipulator -> /home/yoga7i/engr4200-termproject/install/delivery_manipulator/share/ament_index/resource_index/packages
[2.071s] symbolically linking /home/yoga7i/engr4200-termproject/build/delivery_manipulator/package.xml -> /home/yoga7i/engr4200-termproject/install/delivery_manipulator/share/delivery_manipulator
[2.072s] creating /home/yoga7i/engr4200-termproject/install/delivery_manipulator/share/delivery_manipulator/launch
[2.072s] symbolically linking /home/yoga7i/engr4200-termproject/build/delivery_manipulator/launch/rack_pinion.launch.py -> /home/yoga7i/engr4200-termproject/install/delivery_manipulator/share/delivery_manipulator/launch
[2.072s] creating /home/yoga7i/engr4200-termproject/install/delivery_manipulator/share/delivery_manipulator/config
[2.080s] symbolically linking /home/yoga7i/engr4200-termproject/build/delivery_manipulator/config/rack_pinion.params.yaml -> /home/yoga7i/engr4200-termproject/install/delivery_manipulator/share/delivery_manipulator/config
[2.111s] Invoked command in '/home/yoga7i/engr4200-termproject/build/delivery_manipulator' returned '0': AMENT_PREFIX_PATH=/home/yoga7i/engr4200-termproject/install/delivery_interfaces:${AMENT_PREFIX_PATH} CMAKE_PREFIX_PATH=/home/yoga7i/engr4200-termproject/install/delivery_interfaces:${CMAKE_PREFIX_PATH} LD_LIBRARY_PATH=/home/yoga7i/engr4200-termproject/install/delivery_interfaces/lib:${LD_LIBRARY_PATH} PYTHONPATH=/home/yoga7i/engr4200-termproject/build/delivery_manipulator/prefix_override:/usr/lib/python3/dist-packages/colcon_core/task/python/colcon_distutils_commands:/home/yoga7i/engr4200-termproject/install/delivery_manipulator/lib/python3.12/site-packages:/home/yoga7i/engr4200-termproject/install/delivery_interfaces/lib/python3.12/site-packages:${PYTHONPATH} /usr/bin/python3 -W ignore:setup.py install is deprecated -W ignore:easy_install command is deprecated setup.py develop --editable --build-directory /home/yoga7i/engr4200-termproject/build/delivery_manipulator/build --no-deps symlink_data
