[1.446s] Invoking command in '/home/yoga7i/engr4200-termproject/build/delivery_mapping_nav': PYTHONPATH=/home/yoga7i/engr4200-termproject/build/delivery_mapping_nav/prefix_override:/usr/lib/python3/dist-packages/colcon_core/task/python/colcon_distutils_commands:/home/yoga7i/engr4200-termproject/install/delivery_mapping_nav/lib/python3.12/site-packages:${PYTHONPATH} /usr/bin/python3 -W ignore:setup.py install is deprecated -W ignore:easy_install command is deprecated setup.py develop --editable --build-directory /home/yoga7i/engr4200-termproject/build/delivery_mapping_nav/build --no-deps symlink_data
[1.809s] running develop
[1.987s] running egg_info
[1.987s] creating delivery_mapping_nav.egg-info
[2.003s] writing delivery_mapping_nav.egg-info/PKG-INFO
[2.005s] writing dependency_links to delivery_mapping_nav.egg-info/dependency_links.txt
[2.006s] writing entry points to delivery_mapping_nav.egg-info/entry_points.txt
[2.006s] writing requirements to delivery_mapping_nav.egg-info/requires.txt
[2.007s] writing top-level names to delivery_mapping_nav.egg-info/top_level.txt
[2.007s] writing manifest file 'delivery_mapping_nav.egg-info/SOURCES.txt'
[2.038s] reading manifest file 'delivery_mapping_nav.egg-info/SOURCES.txt'
[2.039s] writing manifest file 'delivery_mapping_nav.egg-info/SOURCES.txt'
[2.056s] running build_ext
[2.056s] Creating /home/yoga7i/engr4200-termproject/install/delivery_mapping_nav/lib/python3.12/site-packages/delivery-mapping-nav.egg-link (link to .)
[2.057s] Installing nav_manager script to /home/yoga7i/engr4200-termproject/install/delivery_mapping_nav/lib/delivery_mapping_nav
[2.058s] 
[2.058s] Installed /home/yoga7i/engr4200-termproject/build/delivery_mapping_nav
[2.058s] running symlink_data
[2.058s] creating /home/yoga7i/engr4200-termproject/install/delivery_mapping_nav/share/ament_index
[2.058s] creating /home/yoga7i/engr4200-termproject/install/delivery_mapping_nav/share/ament_index/resource_index
[2.059s] creating /home/yoga7i/engr4200-termproject/install/delivery_mapping_nav/share/ament_index/resource_index/packages
[2.059s] symbolically linking /home/yoga7i/engr4200-termproject/build/delivery_mapping_nav/resource/delivery_mapping_nav -> /home/yoga7i/engr4200-termproject/install/delivery_mapping_nav/share/ament_index/resource_index/packages
[2.059s] symbolically linking /home/yoga7i/engr4200-termproject/build/delivery_mapping_nav/package.xml -> /home/yoga7i/engr4200-termproject/install/delivery_mapping_nav/share/delivery_mapping_nav
[2.059s] creating /home/yoga7i/engr4200-termproject/install/delivery_mapping_nav/share/delivery_mapping_nav/launch
[2.060s] symbolically linking /home/yoga7i/engr4200-termproject/build/delivery_mapping_nav/launch/mapping.launch.py -> /home/yoga7i/engr4200-termproject/install/delivery_mapping_nav/share/delivery_mapping_nav/launch
[2.060s] symbolically linking /home/yoga7i/engr4200-termproject/build/delivery_mapping_nav/launch/nav.launch.py -> /home/yoga7i/engr4200-termproject/install/delivery_mapping_nav/share/delivery_mapping_nav/launch
[2.061s] creating /home/yoga7i/engr4200-termproject/install/delivery_mapping_nav/share/delivery_mapping_nav/config
[2.061s] creating /home/yoga7i/engr4200-termproject/install/delivery_mapping_nav/share/delivery_mapping_nav/config/slam_toolbox
[2.061s] symbolically linking /home/yoga7i/engr4200-termproject/build/delivery_mapping_nav/config/slam_toolbox/mapping.yaml -> /home/yoga7i/engr4200-termproject/install/delivery_mapping_nav/share/delivery_mapping_nav/config/slam_toolbox
[2.061s] creating /home/yoga7i/engr4200-termproject/install/delivery_mapping_nav/share/delivery_mapping_nav/config/nav2
[2.061s] symbolically linking /home/yoga7i/engr4200-termproject/build/delivery_mapping_nav/config/nav2/nav2_params.yaml -> /home/yoga7i/engr4200-termproject/install/delivery_mapping_nav/share/delivery_mapping_nav/config/nav2
[2.062s] symbolically linking /home/yoga7i/engr4200-termproject/build/delivery_mapping_nav/config/nav2/costmap_params.yaml -> /home/yoga7i/engr4200-termproject/install/delivery_mapping_nav/share/delivery_mapping_nav/config/nav2
[2.110s] Invoked command in '/home/yoga7i/engr4200-termproject/build/delivery_mapping_nav' returned '0': PYTHONPATH=/home/yoga7i/engr4200-termproject/build/delivery_mapping_nav/prefix_override:/usr/lib/python3/dist-packages/colcon_core/task/python/colcon_distutils_commands:/home/yoga7i/engr4200-termproject/install/delivery_mapping_nav/lib/python3.12/site-packages:${PYTHONPATH} /usr/bin/python3 -W ignore:setup.py install is deprecated -W ignore:easy_install command is deprecated setup.py develop --editable --build-directory /home/yoga7i/engr4200-termproject/build/delivery_mapping_nav/build --no-deps symlink_data
